2023-04-17T06:59:19+00:00 CRITICAL Uncaught Error: Call to undefined method WC_Cart::remove_order_total() in D:\wamp\www\Drizzle\wordpress\wp-content\plugins\hyvikk_plugin\hyvikk_plugin.php:124
Stack trace:
#0 D:\wamp\www\Drizzle\wordpress\wp-includes\class-wp-hook.php(308): add_custom_fee(Object(WC_Cart))
#1 D:\wamp\www\Drizzle\wordpress\wp-includes\class-wp-hook.php(332): WP_Hook->apply_filters('', Array)
#2 D:\wamp\www\Drizzle\wordpress\wp-includes\plugin.php(517): WP_Hook->do_action(Array)
#3 D:\wamp\www\Drizzle\wordpress\wp-content\plugins\woocommerce\includes\class-wc-cart.php(1888): do_action('woocommerce_car...', Object(WC_Cart))
#4 D:\wamp\www\Drizzle\wordpress\wp-content\plugins\woocommerce\includes\class-wc-cart-totals.php(272): WC_Cart->calculate_fees()
#5 D:\wamp\www\Drizzle\wordpress\wp-content\plugins\woocommerce\includes\class-wc-cart-totals.php(833): WC_Cart_Totals->get_fees_from_cart()
#6 D:\wamp\www\Drizzle\wordpress\wp-content\plugins\woocommerce\includes\class-wc-cart-totals.php(145): WC_Cart_Totals->calculate_fee_totals()
#7 D:\wamp\www\Drizzle\wordpress\wp-content\plugins\woocommerce\includes\class-wc-cart-totals.php(134): WC_Cart_Totals->calculate()
#8 D:\wamp\www\Drizzle\wordpress\wp-content\plugins\woocommerce\includes\class-wc-cart.php(1401): WC_Cart_Totals->__construct(Object(WC_Cart))
#9 D:\wamp\www\Drizzle\wordpress\wp-content\plugins\woocommerce\includes\shortcodes\class-wc-shortcode-cart.php(94): WC_Cart->calculate_totals()
#10 D:\wamp\www\Drizzle\wordpress\wp-content\plugins\woocommerce\includes\class-wc-shortcodes.php(72): WC_Shortcode_Cart::output(Array)
#11 D:\wamp\www\Drizzle\wordpress\wp-content\plugins\woocommerce\includes\class-wc-shortcodes.php(85): WC_Shortcodes::shortcode_wrapper(Array)
#12 D:\wamp\www\Drizzle\wordpress\wp-includes\shortcodes.php(355): WC_Shortcodes::cart('', '', 'woocommerce_car...')
#13 [internal function]: do_shortcode_tag(Array)
#14 D:\wamp\www\Drizzle\wordpress\wp-includes\shortcodes.php(227): preg_replace_callback('/\\[(\\[?)(woocom...', 'do_shortcode_ta...', '[woocommerce_ca...')
#15 D:\wamp\www\Drizzle\wordpress\wp-includes\class-wp-hook.php(308): do_shortcode('[woocommerce_ca...')
#16 D:\wamp\www\Drizzle\wordpress\wp-includes\plugin.php(205): WP_Hook->apply_filters('[woocommerce_ca...', Array)
#17 D:\wamp\www\Drizzle\wordpress\wp-includes\post-template.php(255): apply_filters('the_content', '<!-- wp:shortco...')
#18 D:\wamp\www\Drizzle\wordpress\wp-content\themes\astra\template-parts\single\content-header.php(33): the_content()
#19 D:\wamp\www\Drizzle\wordpress\wp-includes\template.php(785): require('D:\\wamp\\www\\Dri...')
#20 D:\wamp\www\Drizzle\wordpress\wp-includes\template.php(718): load_template('D:\\wamp\\www\\Dri...', false, Array)
#21 D:\wamp\www\Drizzle\wordpress\wp-includes\general-template.php(204): locate_template(Array, true, false, Array)
#22 D:\wamp\www\Drizzle\wordpress\wp-content\themes\astra\inc\template-parts.php(376): get_template_part('template-parts/...')
#23 D:\wamp\www\Drizzle\wordpress\wp-includes\class-wp-hook.php(308): astra_entry_content_single_page_template('')
#24 D:\wamp\www\Drizzle\wordpress\wp-includes\class-wp-hook.php(332): WP_Hook->apply_filters('', Array)
#25 D:\wamp\www\Drizzle\wordpress\wp-includes\plugin.php(517): WP_Hook->do_action(Array)
#26 D:\wamp\www\Drizzle\wordpress\wp-content\themes\astra\inc\core\theme-hooks.php(452): do_action('astra_entry_con...')
#27 D:\wamp\www\Drizzle\wordpress\wp-content\themes\astra\template-parts\content-page.php(26): astra_entry_content_single_page()
#28 D:\wamp\www\Drizzle\wordpress\wp-includes\template.php(785): require('D:\\wamp\\www\\Dri...')
#29 D:\wamp\www\Drizzle\wordpress\wp-includes\template.php(718): load_template('D:\\wamp\\www\\Dri...', false, Array)
#30 D:\wamp\www\Drizzle\wordpress\wp-includes\general-template.php(204): locate_template(Array, true, false, Array)
#31 D:\wamp\www\Drizzle\wordpress\wp-content\themes\astra\inc\class-astra-loop.php(109): get_template_part('template-parts/...', 'page')
#32 D:\wamp\www\Drizzle\wordpress\wp-includes\class-wp-hook.php(308): Astra_Loop->template_parts_page('')
#33 D:\wamp\www\Drizzle\wordpress\wp-includes\class-wp-hook.php(332): WP_Hook->apply_filters('', Array)
#34 D:\wamp\www\Drizzle\wordpress\wp-includes\plugin.php(517): WP_Hook->do_action(Array)
#35 D:\wamp\www\Drizzle\wordpress\wp-content\themes\astra\inc\class-astra-loop.php(197): do_action('astra_page_temp...')
#36 D:\wamp\www\Drizzle\wordpress\wp-content\themes\astra\inc\class-astra-loop.php(174): Astra_Loop->loop_markup(true)
#37 D:\wamp\www\Drizzle\wordpress\wp-includes\class-wp-hook.php(308): Astra_Loop->loop_markup_page('')
#38 D:\wamp\www\Drizzle\wordpress\wp-includes\class-wp-hook.php(332): WP_Hook->apply_filters('', Array)
#39 D:\wamp\www\Drizzle\wordpress\wp-includes\plugin.php(517): WP_Hook->do_action(Array)
#40 D:\wamp\www\Drizzle\wordpress\wp-content\themes\astra\inc\core\theme-hooks.php(267): do_action('astra_content_p...')
#41 D:\wamp\www\Drizzle\wordpress\wp-content\themes\astra\page.php(32): astra_content_page_loop()
#42 D:\wamp\www\Drizzle\wordpress\wp-includes\template-loader.php(106): include('D:\\wamp\\www\\Dri...')
#43 D:\wamp\www\Drizzle\wordpress\wp-blog-header.php(19): require_once('D:\\wamp\\www\\Dri...')
#44 D:\wamp\www\Drizzle\wordpress\index.php(17): require('D:\\wamp\\www\\Dri...')
#45 {main}
  thrown in D:\wamp\www\Drizzle\wordpress\wp-content\plugins\hyvikk_plugin\hyvikk_plugin.php on line 124

2023-04-17T07:01:46+00:00 CRITICAL Uncaught Error: Call to undefined method WC_Cart::remove_fee() in D:\wamp\www\Drizzle\wordpress\wp-content\plugins\hyvikk_plugin\hyvikk_plugin.php:124
Stack trace:
#0 D:\wamp\www\Drizzle\wordpress\wp-includes\class-wp-hook.php(308): add_custom_fee(Object(WC_Cart))
#1 D:\wamp\www\Drizzle\wordpress\wp-includes\class-wp-hook.php(332): WP_Hook->apply_filters('', Array)
#2 D:\wamp\www\Drizzle\wordpress\wp-includes\plugin.php(517): WP_Hook->do_action(Array)
#3 D:\wamp\www\Drizzle\wordpress\wp-content\plugins\woocommerce\includes\class-wc-cart.php(1888): do_action('woocommerce_car...', Object(WC_Cart))
#4 D:\wamp\www\Drizzle\wordpress\wp-content\plugins\woocommerce\includes\class-wc-cart-totals.php(272): WC_Cart->calculate_fees()
#5 D:\wamp\www\Drizzle\wordpress\wp-content\plugins\woocommerce\includes\class-wc-cart-totals.php(833): WC_Cart_Totals->get_fees_from_cart()
#6 D:\wamp\www\Drizzle\wordpress\wp-content\plugins\woocommerce\includes\class-wc-cart-totals.php(145): WC_Cart_Totals->calculate_fee_totals()
#7 D:\wamp\www\Drizzle\wordpress\wp-content\plugins\woocommerce\includes\class-wc-cart-totals.php(134): WC_Cart_Totals->calculate()
#8 D:\wamp\www\Drizzle\wordpress\wp-content\plugins\woocommerce\includes\class-wc-cart.php(1401): WC_Cart_Totals->__construct(Object(WC_Cart))
#9 D:\wamp\www\Drizzle\wordpress\wp-content\plugins\woocommerce\includes\shortcodes\class-wc-shortcode-cart.php(94): WC_Cart->calculate_totals()
#10 D:\wamp\www\Drizzle\wordpress\wp-content\plugins\woocommerce\includes\class-wc-shortcodes.php(72): WC_Shortcode_Cart::output(Array)
#11 D:\wamp\www\Drizzle\wordpress\wp-content\plugins\woocommerce\includes\class-wc-shortcodes.php(85): WC_Shortcodes::shortcode_wrapper(Array)
#12 D:\wamp\www\Drizzle\wordpress\wp-includes\shortcodes.php(355): WC_Shortcodes::cart('', '', 'woocommerce_car...')
#13 [internal function]: do_shortcode_tag(Array)
#14 D:\wamp\www\Drizzle\wordpress\wp-includes\shortcodes.php(227): preg_replace_callback('/\\[(\\[?)(woocom...', 'do_shortcode_ta...', '[woocommerce_ca...')
#15 D:\wamp\www\Drizzle\wordpress\wp-includes\class-wp-hook.php(308): do_shortcode('[woocommerce_ca...')
#16 D:\wamp\www\Drizzle\wordpress\wp-includes\plugin.php(205): WP_Hook->apply_filters('[woocommerce_ca...', Array)
#17 D:\wamp\www\Drizzle\wordpress\wp-includes\post-template.php(255): apply_filters('the_content', '<!-- wp:shortco...')
#18 D:\wamp\www\Drizzle\wordpress\wp-content\themes\astra\template-parts\single\content-header.php(33): the_content()
#19 D:\wamp\www\Drizzle\wordpress\wp-includes\template.php(785): require('D:\\wamp\\www\\Dri...')
#20 D:\wamp\www\Drizzle\wordpress\wp-includes\template.php(718): load_template('D:\\wamp\\www\\Dri...', false, Array)
#21 D:\wamp\www\Drizzle\wordpress\wp-includes\general-template.php(204): locate_template(Array, true, false, Array)
#22 D:\wamp\www\Drizzle\wordpress\wp-content\themes\astra\inc\template-parts.php(376): get_template_part('template-parts/...')
#23 D:\wamp\www\Drizzle\wordpress\wp-includes\class-wp-hook.php(308): astra_entry_content_single_page_template('')
#24 D:\wamp\www\Drizzle\wordpress\wp-includes\class-wp-hook.php(332): WP_Hook->apply_filters('', Array)
#25 D:\wamp\www\Drizzle\wordpress\wp-includes\plugin.php(517): WP_Hook->do_action(Array)
#26 D:\wamp\www\Drizzle\wordpress\wp-content\themes\astra\inc\core\theme-hooks.php(452): do_action('astra_entry_con...')
#27 D:\wamp\www\Drizzle\wordpress\wp-content\themes\astra\template-parts\content-page.php(26): astra_entry_content_single_page()
#28 D:\wamp\www\Drizzle\wordpress\wp-includes\template.php(785): require('D:\\wamp\\www\\Dri...')
#29 D:\wamp\www\Drizzle\wordpress\wp-includes\template.php(718): load_template('D:\\wamp\\www\\Dri...', false, Array)
#30 D:\wamp\www\Drizzle\wordpress\wp-includes\general-template.php(204): locate_template(Array, true, false, Array)
#31 D:\wamp\www\Drizzle\wordpress\wp-content\themes\astra\inc\class-astra-loop.php(109): get_template_part('template-parts/...', 'page')
#32 D:\wamp\www\Drizzle\wordpress\wp-includes\class-wp-hook.php(308): Astra_Loop->template_parts_page('')
#33 D:\wamp\www\Drizzle\wordpress\wp-includes\class-wp-hook.php(332): WP_Hook->apply_filters('', Array)
#34 D:\wamp\www\Drizzle\wordpress\wp-includes\plugin.php(517): WP_Hook->do_action(Array)
#35 D:\wamp\www\Drizzle\wordpress\wp-content\themes\astra\inc\class-astra-loop.php(197): do_action('astra_page_temp...')
#36 D:\wamp\www\Drizzle\wordpress\wp-content\themes\astra\inc\class-astra-loop.php(174): Astra_Loop->loop_markup(true)
#37 D:\wamp\www\Drizzle\wordpress\wp-includes\class-wp-hook.php(308): Astra_Loop->loop_markup_page('')
#38 D:\wamp\www\Drizzle\wordpress\wp-includes\class-wp-hook.php(332): WP_Hook->apply_filters('', Array)
#39 D:\wamp\www\Drizzle\wordpress\wp-includes\plugin.php(517): WP_Hook->do_action(Array)
#40 D:\wamp\www\Drizzle\wordpress\wp-content\themes\astra\inc\core\theme-hooks.php(267): do_action('astra_content_p...')
#41 D:\wamp\www\Drizzle\wordpress\wp-content\themes\astra\page.php(32): astra_content_page_loop()
#42 D:\wamp\www\Drizzle\wordpress\wp-includes\template-loader.php(106): include('D:\\wamp\\www\\Dri...')
#43 D:\wamp\www\Drizzle\wordpress\wp-blog-header.php(19): require_once('D:\\wamp\\www\\Dri...')
#44 D:\wamp\www\Drizzle\wordpress\index.php(17): require('D:\\wamp\\www\\Dri...')
#45 {main}
  thrown in D:\wamp\www\Drizzle\wordpress\wp-content\plugins\hyvikk_plugin\hyvikk_plugin.php on line 124

