2023-05-02T04:42:46+00:00 CRITICAL Uncaught TypeError: call_user_func_array(): Argument #1 ($callback) must be a valid callback, function "add_custom_fee4" not found or invalid function name in D:\wamp\www\Drizzle\wordpress\wp-includes\class-wp-hook.php:308
Stack trace:
#0 D:\wamp\www\Drizzle\wordpress\wp-includes\class-wp-hook.php(332): WP_Hook->apply_filters('', Array)
#1 D:\wamp\www\Drizzle\wordpress\wp-includes\plugin.php(517): WP_Hook->do_action(Array)
#2 D:\wamp\www\Drizzle\wordpress\wp-content\plugins\woocommerce\includes\class-wc-cart.php(1888): do_action('woocommerce_car...', Object(WC_Cart))
#3 D:\wamp\www\Drizzle\wordpress\wp-content\plugins\woocommerce\includes\class-wc-cart-totals.php(272): WC_Cart->calculate_fees()
#4 D:\wamp\www\Drizzle\wordpress\wp-content\plugins\woocommerce\includes\class-wc-cart-totals.php(833): WC_Cart_Totals->get_fees_from_cart()
#5 D:\wamp\www\Drizzle\wordpress\wp-content\plugins\woocommerce\includes\class-wc-cart-totals.php(145): WC_Cart_Totals->calculate_fee_totals()
#6 D:\wamp\www\Drizzle\wordpress\wp-content\plugins\woocommerce\includes\class-wc-cart-totals.php(134): WC_Cart_Totals->calculate()
#7 D:\wamp\www\Drizzle\wordpress\wp-content\plugins\woocommerce\includes\class-wc-cart.php(1401): WC_Cart_Totals->__construct(Object(WC_Cart))
#8 D:\wamp\www\Drizzle\wordpress\wp-content\plugins\woocommerce\includes\shortcodes\class-wc-shortcode-cart.php(94): WC_Cart->calculate_totals()
#9 D:\wamp\www\Drizzle\wordpress\wp-content\plugins\woocommerce\includes\class-wc-shortcodes.php(72): WC_Shortcode_Cart::output(Array)
#10 D:\wamp\www\Drizzle\wordpress\wp-content\plugins\woocommerce\includes\class-wc-shortcodes.php(85): WC_Shortcodes::shortcode_wrapper(Array)
#11 D:\wamp\www\Drizzle\wordpress\wp-includes\shortcodes.php(355): WC_Shortcodes::cart('', '', 'woocommerce_car...')
#12 [internal function]: do_shortcode_tag(Array)
#13 D:\wamp\www\Drizzle\wordpress\wp-includes\shortcodes.php(227): preg_replace_callback('/\\[(\\[?)(woocom...', 'do_shortcode_ta...', '[woocommerce_ca...')
#14 D:\wamp\www\Drizzle\wordpress\wp-includes\class-wp-hook.php(308): do_shortcode('[woocommerce_ca...')
#15 D:\wamp\www\Drizzle\wordpress\wp-includes\plugin.php(205): WP_Hook->apply_filters('[woocommerce_ca...', Array)
#16 D:\wamp\www\Drizzle\wordpress\wp-includes\post-template.php(255): apply_filters('the_content', '<!-- wp:shortco...')
#17 D:\wamp\www\Drizzle\wordpress\wp-content\themes\astra\template-parts\single\content-header.php(33): the_content()
#18 D:\wamp\www\Drizzle\wordpress\wp-includes\template.php(785): require('D:\\wamp\\www\\Dri...')
#19 D:\wamp\www\Drizzle\wordpress\wp-includes\template.php(718): load_template('D:\\wamp\\www\\Dri...', false, Array)
#20 D:\wamp\www\Drizzle\wordpress\wp-includes\general-template.php(204): locate_template(Array, true, false, Array)
#21 D:\wamp\www\Drizzle\wordpress\wp-content\themes\astra\inc\template-parts.php(376): get_template_part('template-parts/...')
#22 D:\wamp\www\Drizzle\wordpress\wp-includes\class-wp-hook.php(308): astra_entry_content_single_page_template('')
#23 D:\wamp\www\Drizzle\wordpress\wp-includes\class-wp-hook.php(332): WP_Hook->apply_filters('', Array)
#24 D:\wamp\www\Drizzle\wordpress\wp-includes\plugin.php(517): WP_Hook->do_action(Array)
#25 D:\wamp\www\Drizzle\wordpress\wp-content\themes\astra\inc\core\theme-hooks.php(452): do_action('astra_entry_con...')
#26 D:\wamp\www\Drizzle\wordpress\wp-content\themes\astra\template-parts\content-page.php(26): astra_entry_content_single_page()
#27 D:\wamp\www\Drizzle\wordpress\wp-includes\template.php(785): require('D:\\wamp\\www\\Dri...')
#28 D:\wamp\www\Drizzle\wordpress\wp-includes\template.php(718): load_template('D:\\wamp\\www\\Dri...', false, Array)
#29 D:\wamp\www\Drizzle\wordpress\wp-includes\general-template.php(204): locate_template(Array, true, false, Array)
#30 D:\wamp\www\Drizzle\wordpress\wp-content\themes\astra\inc\class-astra-loop.php(109): get_template_part('template-parts/...', 'page')
#31 D:\wamp\www\Drizzle\wordpress\wp-includes\class-wp-hook.php(308): Astra_Loop->template_parts_page('')
#32 D:\wamp\www\Drizzle\wordpress\wp-includes\class-wp-hook.php(332): WP_Hook->apply_filters('', Array)
#33 D:\wamp\www\Drizzle\wordpress\wp-includes\plugin.php(517): WP_Hook->do_action(Array)
#34 D:\wamp\www\Drizzle\wordpress\wp-content\themes\astra\inc\class-astra-loop.php(197): do_action('astra_page_temp...')
#35 D:\wamp\www\Drizzle\wordpress\wp-content\themes\astra\inc\class-astra-loop.php(174): Astra_Loop->loop_markup(true)
#36 D:\wamp\www\Drizzle\wordpress\wp-includes\class-wp-hook.php(308): Astra_Loop->loop_markup_page('')
#37 D:\wamp\www\Drizzle\wordpress\wp-includes\class-wp-hook.php(332): WP_Hook->apply_filters('', Array)
#38 D:\wamp\www\Drizzle\wordpress\wp-includes\plugin.php(517): WP_Hook->do_action(Array)
#39 D:\wamp\www\Drizzle\wordpress\wp-content\themes\astra\inc\core\theme-hooks.php(267): do_action('astra_content_p...')
#40 D:\wamp\www\Drizzle\wordpress\wp-content\themes\astra\page.php(32): astra_content_page_loop()
#41 D:\wamp\www\Drizzle\wordpress\wp-includes\template-loader.php(106): include('D:\\wamp\\www\\Dri...')
#42 D:\wamp\www\Drizzle\wordpress\wp-blog-header.php(19): require_once('D:\\wamp\\www\\Dri...')
#43 D:\wamp\www\Drizzle\wordpress\index.php(17): require('D:\\wamp\\www\\Dri...')
#44 {main}
  thrown in D:\wamp\www\Drizzle\wordpress\wp-includes\class-wp-hook.php on line 308

2023-05-02T05:27:32+00:00 CRITICAL Uncaught Error: Xdebug has detected a possible infinite loop, and aborted your script with a stack depth of '256' frames in D:\wamp\www\Drizzle\wordpress\wp-includes\class-wp-hook.php:292
Stack trace:
#0 D:\wamp\www\Drizzle\wordpress\wp-includes\class-wp-hook.php(292): array_keys(Array)
#1 D:\wamp\www\Drizzle\wordpress\wp-includes\plugin.php(205): WP_Hook->apply_filters('', Array)
#2 D:\wamp\www\Drizzle\wordpress\wp-includes\kses.php(944): apply_filters('pre_kses', '', Array, Array)
#3 D:\wamp\www\Drizzle\wordpress\wp-includes\kses.php(754): wp_kses_hook('', Array, Array)
#4 D:\wamp\www\Drizzle\wordpress\wp-content\plugins\woocommerce\includes\wc-notice-functions.php(268): wp_kses('', Array)
#5 D:\wamp\www\Drizzle\wordpress\wp-content\plugins\woocommerce\includes\wc-notice-functions.php(166): wc_kses_notice('')
#6 D:\wamp\www\Drizzle\wordpress\wp-content\plugins\woocommerce\includes\wc-template-functions.php(3831): wc_print_notices()
#7 D:\wamp\www\Drizzle\wordpress\wp-includes\class-wp-hook.php(308): woocommerce_output_all_notices('')
#8 D:\wamp\www\Drizzle\wordpress\wp-includes\plugin.php(205): WP_Hook->apply_filters('', Array)
#9 D:\wamp\www\Drizzle\wordpress\wp-content\plugins\hyvikk_plugin\hyvikk_plugin.php(143): apply_filters('woocommerce_acc...', '')
#10 D:\wamp\www\Drizzle\wordpress\wp-includes\class-wp-hook.php(308): remove_account_paragraph('')
#11 D:\wamp\www\Drizzle\wordpress\wp-includes\class-wp-hook.php(332): WP_Hook->apply_filters('', Array)
#12 D:\wamp\www\Drizzle\wordpress\wp-includes\plugin.php(517): WP_Hook->do_action(Array)
#13 D:\wamp\www\Drizzle\wordpress\wp-content\plugins\woocommerce\templates\myaccount\dashboard.php(65): do_action('woocommerce_acc...')
#14 D:\wamp\www\Drizzle\wordpress\wp-content\plugins\woocommerce\includes\wc-core-functions.php(345): include('D:\\wamp\\www\\Dri...')
#15 D:\wamp\www\Drizzle\wordpress\wp-content\plugins\woocommerce\includes\wc-template-functions.php(3197): wc_get_template('myaccount/dashb...', Array)
#16 D:\wamp\www\Drizzle\wordpress\wp-includes\class-wp-hook.php(308): woocommerce_account_content('')
#17 D:\wamp\www\Drizzle\wordpress\wp-includes\plugin.php(205): WP_Hook->apply_filters(NULL, Array)
#18 D:\wamp\www\Drizzle\wordpress\wp-content\plugins\hyvikk_plugin\hyvikk_plugin.php(143): apply_filters('woocommerce_acc...', '')
#19 D:\wamp\www\Drizzle\wordpress\wp-includes\class-wp-hook.php(308): remove_account_paragraph('')
#20 D:\wamp\www\Drizzle\wordpress\wp-includes\class-wp-hook.php(332): WP_Hook->apply_filters('', Array)
#21 D:\wamp\www\Drizzle\wordpress\wp-includes\plugin.php(517): WP_Hook->do_action(Array)
#22 D:\wamp\www\Drizzle\wordpress\wp-content\plugins\woocommerce\templates\myaccount\dashboard.php(65): do_action('woocommerce_acc...')
#23 D:\wamp\www\Drizzle\wordpress\wp-content\plugins\woocommerce\includes\wc-core-functions.php(345): include('D:\\wamp\\www\\Dri...')
#24 D:\wamp\www\Drizzle\wordpress\wp-content\plugins\woocommerce\includes\wc-template-functions.php(3197): wc_get_template('myaccount/dashb...', Array)
#25 D:\wamp\www\Drizzle\wordpress\wp-includes\class-wp-hook.php(308): woocommerce_account_content('')
#26 D:\wamp\www\Drizzle\wordpress\wp-includes\plugin.php(205): WP_Hook->apply_filters(NULL, Array)
#27 D:\wamp\www\Drizzle\wordpress\wp-content\plugins\hyvikk_plugin\hyvikk_plugin.php(143): apply_filters('woocommerce_acc...', '')
#28 D:\wamp\www\Drizzle\wordpress\wp-includes\class-wp-hook.php(308): remove_account_paragraph('')
#29 D:\wamp\www\Drizzle\wordpress\wp-includes\class-wp-hook.php(332): WP_Hook->apply_filters('', Array)
#30 D:\wamp\www\Drizzle\wordpress\wp-includes\plugin.php(517): WP_Hook->do_action(Array)
#31 D:\wamp\www\Drizzle\wordpress\wp-content\plugins\woocommerce\templates\myaccount\dashboard.php(65): do_action('woocommerce_acc...')
#32 D:\wamp\www\Drizzle\wordpress\wp-content\plugins\woocommerce\includes\wc-core-functions.php(345): include('D:\\wamp\\www\\Dri...')
#33 D:\wamp\www\Drizzle\wordpress\wp-content\plugins\woocommerce\includes\wc-template-functions.php(3197): wc_get_template('myaccount/dashb...', Array)
#34 D:\wamp\www\Drizzle\wordpress\wp-includes\class-wp-hook.php(308): woocommerce_account_content('')
#35 D:\wamp\www\Drizzle\wordpress\wp-includes\plugin.php(205): WP_Hook->apply_filters(NULL, Array)
#36 D:\wamp\www\Drizzle\wordpress\wp-content\plugins\hyvikk_plugin\hyvikk_plugin.php(143): apply_filters('woocommerce_acc...', '')
#37 D:\wamp\www\Drizzle\wordpress\wp-includes\class-wp-hook.php(308): remove_account_paragraph('')
#38 D:\wamp\www\Drizzle\wordpress\wp-includes\class-wp-hook.php(332): WP_Hook->apply_filters('', Array)
#39 D:\wamp\www\Drizzle\wordpress\wp-includes\plugin.php(517): WP_Hook->do_action(Array)
#40 D:\wamp\www\Drizzle\wordpress\wp-content\plugins\woocommerce\templates\myaccount\dashboard.php(65): do_action('woocommerce_acc...')
#41 D:\wamp\www\Drizzle\wordpress\wp-content\plugins\woocommerce\includes\wc-core-functions.php(345): include('D:\\wamp\\www\\Dri...')
#42 D:\wamp\www\Drizzle\wordpress\wp-content\plugins\woocommerce\includes\wc-template-functions.php(3197): wc_get_template('myaccount/dashb...', Array)
#43 D:\wamp\www\Drizzle\wordpress\wp-includes\class-wp-hook.php(308): woocommerce_account_content('')
#44 D:\wamp\www\Drizzle\wordpress\wp-includes\plugin.php(205): WP_Hook->apply_filters(NULL, Array)
#45 D:\wamp\www\Drizzle\wordpress\wp-content\plugins\hyvikk_plugin\hyvikk_plugin.php(143): apply_filters('woocommerce_acc...', '')
#46 D:\wamp\www\Drizzle\wordpress\wp-includes\class-wp-hook.php(308): remove_account_paragraph('')
#47 D:\wamp\www\Drizzle\wordpress\wp-includes\class-wp-hook.php(332): WP_Hook->apply_filters('', Array)
#48 D:\wamp\www\Drizzle\wordpress\wp-includes\plugin.php(517): WP_Hook->do_action(Array)
#49 D:\wamp\www\Drizzle\wordpress\wp-content\plugins\woocommerce\templates\myaccount\dashboard.php(65): do_action('woocommerce_acc...')
#50 D:\wamp\www\Drizzle\wordpress\wp-content\plugins\woocommerce\includes\wc-core-functions.php(345): include('D:\\wamp\\www\\Dri...')
#51 D:\wamp\www\Drizzle\wordpress\wp-content\plugins\woocommerce\includes\wc-template-functions.php(3197): wc_get_template('myaccount/dashb...', Array)
#52 D:\wamp\www\Drizzle\wordpress\wp-includes\class-wp-hook.php(308): woocommerce_account_content('')
#53 D:\wamp\www\Drizzle\wordpress\wp-includes\plugin.php(205): WP_Hook->apply_filters(NULL, Array)
#54 D:\wamp\www\Drizzle\wordpress\wp-content\plugins\hyvikk_plugin\hyvikk_plugin.php(143): apply_filters('woocommerce_acc...', '')
#55 D:\wamp\www\Drizzle\wordpress\wp-includes\class-wp-hook.php(308): remove_account_paragraph('')
#56 D:\wamp\www\Drizzle\wordpress\wp-includes\class-wp-hook.php(332): WP_Hook->apply_filters('', Array)
#57 D:\wamp\www\Drizzle\wordpress\wp-includes\plugin.php(517): WP_Hook->do_action(Array)
#58 D:\wamp\www\Drizzle\wordpress\wp-content\plugins\woocommerce\templates\myaccount\dashboard.php(65): do_action('woocommerce_acc...')
#59 D:\wamp\www\Drizzle\wordpress\wp-content\plugins\woocommerce\includes\wc-core-functions.php(345): include('D:\\wamp\\www\\Dri...')
#60 D:\wamp\www\Drizzle\wordpress\wp-content\plugins\woocommerce\includes\wc-template-functions.php(3197): wc_get_template('myaccount/dashb...', Array)
#61 D:\wamp\www\Drizzle\wordpress\wp-includes\class-wp-hook.php(308): woocommerce_account_content('')
#62 D:\wamp\www\Drizzle\wordpress\wp-includes\plugin.php(205): WP_Hook->apply_filters(NULL, Array)
#63 D:\wamp\www\Drizzle\wordpress\wp-content\plugins\hyvikk_plugin\hyvikk_plugin.php(143): apply_filters('woocommerce_acc...', '')
#64 D:\wamp\www\Drizzle\wordpress\wp-includes\class-wp-hook.php(308): remove_account_paragraph('')
#65 D:\wamp\www\Drizzle\wordpress\wp-includes\class-wp-hook.php(332): WP_Hook->apply_filters('', Array)
#66 D:\wamp\www\Drizzle\wordpress\wp-includes\plugin.php(517): WP_Hook->do_action(Array)
#67 D:\wamp\www\Drizzle\wordpress\wp-content\plugins\woocommerce\templates\myaccount\dashboard.php(65): do_action('woocommerce_acc...')
#68 D:\wamp\www\Drizzle\wordpress\wp-content\plugins\woocommerce\includes\wc-core-functions.php(345): include('D:\\wamp\\www\\Dri...')
#69 D:\wamp\www\Drizzle\wordpress\wp-content\plugins\woocommerce\includes\wc-template-functions.php(3197): wc_get_template('myaccount/dashb...', Array)
#70 D:\wamp\www\Drizzle\wordpress\wp-includes\class-wp-hook.php(308): woocommerce_account_content('')
#71 D:\wamp\www\Drizzle\wordpress\wp-includes\plugin.php(205): WP_Hook->apply_filters(NULL, Array)
#72 D:\wamp\www\Drizzle\wordpress\wp-content\plugins\hyvikk_plugin\hyvikk_plugin.php(143): apply_filters('woocommerce_acc...', '')
#73 D:\wamp\www\Drizzle\wordpress\wp-includes\class-wp-hook.php(308): remove_account_paragraph('')
#74 D:\wamp\www\Drizzle\wordpress\wp-includes\class-wp-hook.php(332): WP_Hook->apply_filters('', Array)
#75 D:\wamp\www\Drizzle\wordpress\wp-includes\plugin.php(517): WP_Hook->do_action(Array)
#76 D:\wamp\www\Drizzle\wordpress\wp-content\plugins\woocommerce\templates\myaccount\dashboard.php(65): do_action('woocommerce_acc...')
#77 D:\wamp\www\Drizzle\wordpress\wp-content\plugins\woocommerce\includes\wc-core-functions.php(345): include('D:\\wamp\\www\\Dri...')
#78 D:\wamp\www\Drizzle\wordpress\wp-content\plugins\woocommerce\includes\wc-template-functions.php(3197): wc_get_template('myaccount/dashb...', Array)
#79 D:\wamp\www\Drizzle\wordpress\wp-includes\class-wp-hook.php(308): woocommerce_account_content('')
#80 D:\wamp\www\Drizzle\wordpress\wp-includes\plugin.php(205): WP_Hook->apply_filters(NULL, Array)
#81 D:\wamp\www\Drizzle\wordpress\wp-content\plugins\hyvikk_plugin\hyvikk_plugin.php(143): apply_filters('woocommerce_acc...', '')
#82 D:\wamp\www\Drizzle\wordpress\wp-includes\class-wp-hook.php(308): remove_account_paragraph('')
#83 D:\wamp\www\Drizzle\wordpress\wp-includes\class-wp-hook.php(332): WP_Hook->apply_filters('', Array)
#84 D:\wamp\www\Drizzle\wordpress\wp-includes\plugin.php(517): WP_Hook->do_action(Array)
#85 D:\wamp\www\Drizzle\wordpress\wp-content\plugins\woocommerce\templates\myaccount\dashboard.php(65): do_action('woocommerce_acc...')
#86 D:\wamp\www\Drizzle\wordpress\wp-content\plugins\woocommerce\includes\wc-core-functions.php(345): include('D:\\wamp\\www\\Dri...')
#87 D:\wamp\www\Drizzle\wordpress\wp-content\plugins\woocommerce\includes\wc-template-functions.php(3197): wc_get_template('myaccount/dashb...', Array)
#88 D:\wamp\www\Drizzle\wordpress\wp-includes\class-wp-hook.php(308): woocommerce_account_content('')
#89 D:\wamp\www\Drizzle\wordpress\wp-includes\plugin.php(205): WP_Hook->apply_filters(NULL, Array)
#90 D:\wamp\www\Drizzle\wordpress\wp-content\plugins\hyvikk_plugin\hyvikk_plugin.php(143): apply_filters('woocommerce_acc...', '')
#91 D:\wamp\www\Drizzle\wordpress\wp-includes\class-wp-hook.php(308): remove_account_paragraph('')
#92 D:\wamp\www\Drizzle\wordpress\wp-includes\class-wp-hook.php(332): WP_Hook->apply_filters('', Array)
#93 D:\wamp\www\Drizzle\wordpress\wp-includes\plugin.php(517): WP_Hook->do_action(Array)
#94 D:\wamp\www\Drizzle\wordpress\wp-content\plugins\woocommerce\templates\myaccount\dashboard.php(65): do_action('woocommerce_acc...')
#95 D:\wamp\www\Drizzle\wordpress\wp-content\plugins\woocommerce\includes\wc-core-functions.php(345): include('D:\\wamp\\www\\Dri...')
#96 D:\wamp\www\Drizzle\wordpress\wp-content\plugins\woocommerce\includes\wc-template-functions.php(3197): wc_get_template('myaccount/dashb...', Array)
#97 D:\wamp\www\Drizzle\wordpress\wp-includes\class-wp-hook.php(308): woocommerce_account_content('')
#98 D:\wamp\www\Drizzle\wordpress\wp-includes\plugin.php(205): WP_Hook->apply_filters(NULL, Array)
#99 D:\wamp\www\Drizzle\wordpress\wp-content\plugins\hyvikk_plugin\hyvikk_plugin.php(143): apply_filters('woocommerce_acc...', '')
#100 D:\wamp\www\Drizzle\wordpress\wp-includes\class-wp-hook.php(308): remove_account_paragraph('')
#101 D:\wamp\www\Drizzle\wordpress\wp-includes\class-wp-hook.php(332): WP_Hook->apply_filters('', Array)
#102 D:\wamp\www\Drizzle\wordpress\wp-includes\plugin.php(517): WP_Hook->do_action(Array)
#103 D:\wamp\www\Drizzle\wordpress\wp-content\plugins\woocommerce\templates\myaccount\dashboard.php(65): do_action('woocommerce_acc...')
#104 D:\wamp\www\Drizzle\wordpress\wp-content\plugins\woocommerce\includes\wc-core-functions.php(345): include('D:\\wamp\\www\\Dri...')
#105 D:\wamp\www\Drizzle\wordpress\wp-content\plugins\woocommerce\includes\wc-template-functions.php(3197): wc_get_template('myaccount/dashb...', Array)
#106 D:\wamp\www\Drizzle\wordpress\wp-includes\class-wp-hook.php(308): woocommerce_account_content('')
#107 D:\wamp\www\Drizzle\wordpress\wp-includes\plugin.php(205): WP_Hook->apply_filters(NULL, Array)
#108 D:\wamp\www\Drizzle\wordpress\wp-content\plugins\hyvikk_plugin\hyvikk_plugin.php(143): apply_filters('woocommerce_acc...', '')
#109 D:\wamp\www\Drizzle\wordpress\wp-includes\class-wp-hook.php(308): remove_account_paragraph('')
#110 D:\wamp\www\Drizzle\wordpress\wp-includes\class-wp-hook.php(332): WP_Hook->apply_filters('', Array)
#111 D:\wamp\www\Drizzle\wordpress\wp-includes\plugin.php(517): WP_Hook->do_action(Array)
#112 D:\wamp\www\Drizzle\wordpress\wp-content\plugins\woocommerce\templates\myaccount\dashboard.php(65): do_action('woocommerce_acc...')
#113 D:\wamp\www\Drizzle\wordpress\wp-content\plugins\woocommerce\includes\wc-core-functions.php(345): include('D:\\wamp\\www\\Dri...')
#114 D:\wamp\www\Drizzle\wordpress\wp-content\plugins\woocommerce\includes\wc-template-functions.php(3197): wc_get_template('myaccount/dashb...', Array)
#115 D:\wamp\www\Drizzle\wordpress\wp-includes\class-wp-hook.php(308): woocommerce_account_content('')
#116 D:\wamp\www\Drizzle\wordpress\wp-includes\plugin.php(205): WP_Hook->apply_filters(NULL, Array)
#117 D:\wamp\www\Drizzle\wordpress\wp-content\plugins\hyvikk_plugin\hyvikk_plugin.php(143): apply_filters('woocommerce_acc...', '')
#118 D:\wamp\www\Drizzle\wordpress\wp-includes\class-wp-hook.php(308): remove_account_paragraph('')
#119 D:\wamp\www\Drizzle\wordpress\wp-includes\class-wp-hook.php(332): WP_Hook->apply_filters('', Array)
#120 D:\wamp\www\Drizzle\wordpress\wp-includes\plugin.php(517): WP_Hook->do_action(Array)
#121 D:\wamp\www\Drizzle\wordpress\wp-content\plugins\woocommerce\templates\myaccount\dashboard.php(65): do_action('woocommerce_acc...')
#122 D:\wamp\www\Drizzle\wordpress\wp-content\plugins\woocommerce\includes\wc-core-functions.php(345): include('D:\\wamp\\www\\Dri...')
#123 D:\wamp\www\Drizzle\wordpress\wp-content\plugins\woocommerce\includes\wc-template-functions.php(3197): wc_get_template('myaccount/dashb...', Array)
#124 D:\wamp\www\Drizzle\wordpress\wp-includes\class-wp-hook.php(308): woocommerce_account_content('')
#125 D:\wamp\www\Drizzle\wordpress\wp-includes\plugin.php(205): WP_Hook->apply_filters(NULL, Array)
#126 D:\wamp\www\Drizzle\wordpress\wp-content\plugins\hyvikk_plugin\hyvikk_plugin.php(143): apply_filters('woocommerce_acc...', '')
#127 D:\wamp\www\Drizzle\wordpress\wp-includes\class-wp-hook.php(308): remove_account_paragraph('')
#128 D:\wamp\www\Drizzle\wordpress\wp-includes\class-wp-hook.php(332): WP_Hook->apply_filters('', Array)
#129 D:\wamp\www\Drizzle\wordpress\wp-includes\plugin.php(517): WP_Hook->do_action(Array)
#130 D:\wamp\www\Drizzle\wordpress\wp-content\plugins\woocommerce\templates\myaccount\dashboard.php(65): do_action('woocommerce_acc...')
#131 D:\wamp\www\Drizzle\wordpress\wp-content\plugins\woocommerce\includes\wc-core-functions.php(345): include('D:\\wamp\\www\\Dri...')
#132 D:\wamp\www\Drizzle\wordpress\wp-content\plugins\woocommerce\includes\wc-template-functions.php(3197): wc_get_template('myaccount/dashb...', Array)
#133 D:\wamp\www\Drizzle\wordpress\wp-includes\class-wp-hook.php(308): woocommerce_account_content('')
#134 D:\wamp\www\Drizzle\wordpress\wp-includes\plugin.php(205): WP_Hook->apply_filters(NULL, Array)
#135 D:\wamp\www\Drizzle\wordpress\wp-content\plugins\hyvikk_plugin\hyvikk_plugin.php(143): apply_filters('woocommerce_acc...', '')
#136 D:\wamp\www\Drizzle\wordpress\wp-includes\class-wp-hook.php(308): remove_account_paragraph('')
#137 D:\wamp\www\Drizzle\wordpress\wp-includes\class-wp-hook.php(332): WP_Hook->apply_filters('', Array)
#138 D:\wamp\www\Drizzle\wordpress\wp-includes\plugin.php(517): WP_Hook->do_action(Array)
#139 D:\wamp\www\Drizzle\wordpress\wp-content\plugins\woocommerce\templates\myaccount\dashboard.php(65): do_action('woocommerce_acc...')
#140 D:\wamp\www\Drizzle\wordpress\wp-content\plugins\woocommerce\includes\wc-core-functions.php(345): include('D:\\wamp\\www\\Dri...')
#141 D:\wamp\www\Drizzle\wordpress\wp-content\plugins\woocommerce\includes\wc-template-functions.php(3197): wc_get_template('myaccount/dashb...', Array)
#142 D:\wamp\www\Drizzle\wordpress\wp-includes\class-wp-hook.php(308): woocommerce_account_content('')
#143 D:\wamp\www\Drizzle\wordpress\wp-includes\plugin.php(205): WP_Hook->apply_filters(NULL, Array)
#144 D:\wamp\www\Drizzle\wordpress\wp-content\plugins\hyvikk_plugin\hyvikk_plugin.php(143): apply_filters('woocommerce_acc...', '')
#145 D:\wamp\www\Drizzle\wordpress\wp-includes\class-wp-hook.php(308): remove_account_paragraph('')
#146 D:\wamp\www\Drizzle\wordpress\wp-includes\class-wp-hook.php(332): WP_Hook->apply_filters('', Array)
#147 D:\wamp\www\Drizzle\wordpress\wp-includes\plugin.php(517): WP_Hook->do_action(Array)
#148 D:\wamp\www\Drizzle\wordpress\wp-content\plugins\woocommerce\templates\myaccount\dashboard.php(65): do_action('woocommerce_acc...')
#149 D:\wamp\www\Drizzle\wordpress\wp-content\plugins\woocommerce\includes\wc-core-functions.php(345): include('D:\\wamp\\www\\Dri...')
#150 D:\wamp\www\Drizzle\wordpress\wp-content\plugins\woocommerce\includes\wc-template-functions.php(3197): wc_get_template('myaccount/dashb...', Array)
#151 D:\wamp\www\Drizzle\wordpress\wp-includes\class-wp-hook.php(308): woocommerce_account_content('')
#152 D:\wamp\www\Drizzle\wordpress\wp-includes\plugin.php(205): WP_Hook->apply_filters(NULL, Array)
#153 D:\wamp\www\Drizzle\wordpress\wp-content\plugins\hyvikk_plugin\hyvikk_plugin.php(143): apply_filters('woocommerce_acc...', '')
#154 D:\wamp\www\Drizzle\wordpress\wp-includes\class-wp-hook.php(308): remove_account_paragraph('')
#155 D:\wamp\www\Drizzle\wordpress\wp-includes\class-wp-hook.php(332): WP_Hook->apply_filters('', Array)
#156 D:\wamp\www\Drizzle\wordpress\wp-includes\plugin.php(517): WP_Hook->do_action(Array)
#157 D:\wamp\www\Drizzle\wordpress\wp-content\plugins\woocommerce\templates\myaccount\dashboard.php(65): do_action('woocommerce_acc...')
#158 D:\wamp\www\Drizzle\wordpress\wp-content\plugins\woocommerce\includes\wc-core-functions.php(345): include('D:\\wamp\\www\\Dri...')
#159 D:\wamp\www\Drizzle\wordpress\wp-content\plugins\woocommerce\includes\wc-template-functions.php(3197): wc_get_template('myaccount/dashb...', Array)
#160 D:\wamp\www\Drizzle\wordpress\wp-includes\class-wp-hook.php(308): woocommerce_account_content('')
#161 D:\wamp\www\Drizzle\wordpress\wp-includes\plugin.php(205): WP_Hook->apply_filters(NULL, Array)
#162 D:\wamp\www\Drizzle\wordpress\wp-content\plugins\hyvikk_plugin\hyvikk_plugin.php(143): apply_filters('woocommerce_acc...', '')
#163 D:\wamp\www\Drizzle\wordpress\wp-includes\class-wp-hook.php(308): remove_account_paragraph('')
#164 D:\wamp\www\Drizzle\wordpress\wp-includes\class-wp-hook.php(332): WP_Hook->apply_filters('', Array)
#165 D:\wamp\www\Drizzle\wordpress\wp-includes\plugin.php(517): WP_Hook->do_action(Array)
#166 D:\wamp\www\Drizzle\wordpress\wp-content\plugins\woocommerce\templates\myaccount\dashboard.php(65): do_action('woocommerce_acc...')
#167 D:\wamp\www\Drizzle\wordpress\wp-content\plugins\woocommerce\includes\wc-core-functions.php(345): include('D:\\wamp\\www\\Dri...')
#168 D:\wamp\www\Drizzle\wordpress\wp-content\plugins\woocommerce\includes\wc-template-functions.php(3197): wc_get_template('myaccount/dashb...', Array)
#169 D:\wamp\www\Drizzle\wordpress\wp-includes\class-wp-hook.php(308): woocommerce_account_content('')
#170 D:\wamp\www\Drizzle\wordpress\wp-includes\plugin.php(205): WP_Hook->apply_filters(NULL, Array)
#171 D:\wamp\www\Drizzle\wordpress\wp-content\plugins\hyvikk_plugin\hyvikk_plugin.php(143): apply_filters('woocommerce_acc...', '')
#172 D:\wamp\www\Drizzle\wordpress\wp-includes\class-wp-hook.php(308): remove_account_paragraph('')
#173 D:\wamp\www\Drizzle\wordpress\wp-includes\class-wp-hook.php(332): WP_Hook->apply_filters('', Array)
#174 D:\wamp\www\Drizzle\wordpress\wp-includes\plugin.php(517): WP_Hook->do_action(Array)
#175 D:\wamp\www\Drizzle\wordpress\wp-content\plugins\woocommerce\templates\myaccount\dashboard.php(65): do_action('woocommerce_acc...')
#176 D:\wamp\www\Drizzle\wordpress\wp-content\plugins\woocommerce\includes\wc-core-functions.php(345): include('D:\\wamp\\www\\Dri...')
#177 D:\wamp\www\Drizzle\wordpress\wp-content\plugins\woocommerce\includes\wc-template-functions.php(3197): wc_get_template('myaccount/dashb...', Array)
#178 D:\wamp\www\Drizzle\wordpress\wp-includes\class-wp-hook.php(308): woocommerce_account_content('')
#179 D:\wamp\www\Drizzle\wordpress\wp-includes\plugin.php(205): WP_Hook->apply_filters(NULL, Array)
#180 D:\wamp\www\Drizzle\wordpress\wp-content\plugins\hyvikk_plugin\hyvikk_plugin.php(143): apply_filters('woocommerce_acc...', '')
#181 D:\wamp\www\Drizzle\wordpress\wp-includes\class-wp-hook.php(308): remove_account_paragraph('')
#182 D:\wamp\www\Drizzle\wordpress\wp-includes\class-wp-hook.php(332): WP_Hook->apply_filters('', Array)
#183 D:\wamp\www\Drizzle\wordpress\wp-includes\plugin.php(517): WP_Hook->do_action(Array)
#184 D:\wamp\www\Drizzle\wordpress\wp-content\plugins\woocommerce\templates\myaccount\dashboard.php(65): do_action('woocommerce_acc...')
#185 D:\wamp\www\Drizzle\wordpress\wp-content\plugins\woocommerce\includes\wc-core-functions.php(345): include('D:\\wamp\\www\\Dri...')
#186 D:\wamp\www\Drizzle\wordpress\wp-content\plugins\woocommerce\includes\wc-template-functions.php(3197): wc_get_template('myaccount/dashb...', Array)
#187 D:\wamp\www\Drizzle\wordpress\wp-includes\class-wp-hook.php(308): woocommerce_account_content('')
#188 D:\wamp\www\Drizzle\wordpress\wp-includes\plugin.php(205): WP_Hook->apply_filters(NULL, Array)
#189 D:\wamp\www\Drizzle\wordpress\wp-content\plugins\hyvikk_plugin\hyvikk_plugin.php(143): apply_filters('woocommerce_acc...', '')
#190 D:\wamp\www\Drizzle\wordpress\wp-includes\class-wp-hook.php(308): remove_account_paragraph('')
#191 D:\wamp\www\Drizzle\wordpress\wp-includes\class-wp-hook.php(332): WP_Hook->apply_filters('', Array)
#192 D:\wamp\www\Drizzle\wordpress\wp-includes\plugin.php(517): WP_Hook->do_action(Array)
#193 D:\wamp\www\Drizzle\wordpress\wp-content\plugins\woocommerce\templates\myaccount\dashboard.php(65): do_action('woocommerce_acc...')
#194 D:\wamp\www\Drizzle\wordpress\wp-content\plugins\woocommerce\includes\wc-core-functions.php(345): include('D:\\wamp\\www\\Dri...')
#195 D:\wamp\www\Drizzle\wordpress\wp-content\plugins\woocommerce\includes\wc-template-functions.php(3197): wc_get_template('myaccount/dashb...', Array)
#196 D:\wamp\www\Drizzle\wordpress\wp-includes\class-wp-hook.php(308): woocommerce_account_content('')
#197 D:\wamp\www\Drizzle\wordpress\wp-includes\plugin.php(205): WP_Hook->apply_filters(NULL, Array)
#198 D:\wamp\www\Drizzle\wordpress\wp-content\plugins\hyvikk_plugin\hyvikk_plugin.php(143): apply_filters('woocommerce_acc...', '')
#199 D:\wamp\www\Drizzle\wordpress\wp-includes\class-wp-hook.php(308): remove_account_paragraph('')
#200 D:\wamp\www\Drizzle\wordpress\wp-includes\class-wp-hook.php(332): WP_Hook->apply_filters('', Array)
#201 D:\wamp\www\Drizzle\wordpress\wp-includes\plugin.php(517): WP_Hook->do_action(Array)
#202 D:\wamp\www\Drizzle\wordpress\wp-content\plugins\woocommerce\templates\myaccount\dashboard.php(65): do_action('woocommerce_acc...')
#203 D:\wamp\www\Drizzle\wordpress\wp-content\plugins\woocommerce\includes\wc-core-functions.php(345): include('D:\\wamp\\www\\Dri...')
#204 D:\wamp\www\Drizzle\wordpress\wp-content\plugins\woocommerce\includes\wc-template-functions.php(3197): wc_get_template('myaccount/dashb...', Array)
#205 D:\wamp\www\Drizzle\wordpress\wp-includes\class-wp-hook.php(308): woocommerce_account_content('')
#206 D:\wamp\www\Drizzle\wordpress\wp-includes\plugin.php(205): WP_Hook->apply_filters(NULL, Array)
#207 D:\wamp\www\Drizzle\wordpress\wp-content\plugins\hyvikk_plugin\hyvikk_plugin.php(143): apply_filters('woocommerce_acc...', '')
#208 D:\wamp\www\Drizzle\wordpress\wp-includes\class-wp-hook.php(308): remove_account_paragraph('')
#209 D:\wamp\www\Drizzle\wordpress\wp-includes\class-wp-hook.php(332): WP_Hook->apply_filters('', Array)
#210 D:\wamp\www\Drizzle\wordpress\wp-includes\plugin.php(517): WP_Hook->do_action(Array)
#211 D:\wamp\www\Drizzle\wordpress\wp-content\plugins\woocommerce\templates\myaccount\dashboard.php(65): do_action('woocommerce_acc...')
#212 D:\wamp\www\Drizzle\wordpress\wp-content\plugins\woocommerce\includes\wc-core-functions.php(345): include('D:\\wamp\\www\\Dri...')
#213 D:\wamp\www\Drizzle\wordpress\wp-content\plugins\woocommerce\includes\wc-template-functions.php(3197): wc_get_template('myaccount/dashb...', Array)
#214 D:\wamp\www\Drizzle\wordpress\wp-includes\class-wp-hook.php(308): woocommerce_account_content('')
#215 D:\wamp\www\Drizzle\wordpress\wp-includes\class-wp-hook.php(332): WP_Hook->apply_filters(NULL, Array)
#216 D:\wamp\www\Drizzle\wordpress\wp-includes\plugin.php(517): WP_Hook->do_action(Array)
#217 D:\wamp\www\Drizzle\wordpress\wp-content\plugins\woocommerce\templates\myaccount\my-account.php(34): do_action('woocommerce_acc...')
#218 D:\wamp\www\Drizzle\wordpress\wp-content\plugins\woocommerce\includes\wc-core-functions.php(345): include('D:\\wamp\\www\\Dri...')
#219 D:\wamp\www\Drizzle\wordpress\wp-content\plugins\woocommerce\includes\shortcodes\class-wc-shortcode-my-account.php(123): wc_get_template('myaccount/my-ac...', Array)
#220 D:\wamp\www\Drizzle\wordpress\wp-content\plugins\woocommerce\includes\shortcodes\class-wc-shortcode-my-account.php(72): WC_Shortcode_My_Account::my_account('')
#221 D:\wamp\www\Drizzle\wordpress\wp-content\plugins\woocommerce\includes\class-wc-shortcodes.php(72): WC_Shortcode_My_Account::output('')
#222 D:\wamp\www\Drizzle\wordpress\wp-content\plugins\woocommerce\includes\class-wc-shortcodes.php(115): WC_Shortcodes::shortcode_wrapper(Array, '')
#223 D:\wamp\www\Drizzle\wordpress\wp-includes\shortcodes.php(355): WC_Shortcodes::my_account('', '', 'woocommerce_my_...')
#224 [internal function]: do_shortcode_tag(Array)
#225 D:\wamp\www\Drizzle\wordpress\wp-includes\shortcodes.php(227): preg_replace_callback('/\\[(\\[?)(woocom...', 'do_shortcode_ta...', '[woocommerce_my...')
#226 D:\wamp\www\Drizzle\wordpress\wp-includes\class-wp-hook.php(308): do_shortcode('[woocommerce_my...')
#227 D:\wamp\www\Drizzle\wordpress\wp-includes\plugin.php(205): WP_Hook->apply_filters('[woocommerce_my...', Array)
#228 D:\wamp\www\Drizzle\wordpress\wp-includes\post-template.php(255): apply_filters('the_content', '<!-- wp:shortco...')
#229 D:\wamp\www\Drizzle\wordpress\wp-content\themes\astra\template-parts\single\content-header.php(33): the_content()
#230 D:\wamp\www\Drizzle\wordpress\wp-includes\template.php(785): require('D:\\wamp\\www\\Dri...')
#231 D:\wamp\www\Drizzle\wordpress\wp-includes\template.php(718): load_template('D:\\wamp\\www\\Dri...', false, Array)
#232 D:\wamp\www\Drizzle\wordpress\wp-includes\general-template.php(204): locate_template(Array, true, false, Array)
#233 D:\wamp\www\Drizzle\wordpress\wp-content\themes\astra\inc\template-parts.php(376): get_template_part('template-parts/...')
#234 D:\wamp\www\Drizzle\wordpress\wp-includes\class-wp-hook.php(308): astra_entry_content_single_page_template('')
#235 D:\wamp\www\Drizzle\wordpress\wp-includes\class-wp-hook.php(332): WP_Hook->apply_filters('', Array)
#236 D:\wamp\www\Drizzle\wordpress\wp-includes\plugin.php(517): WP_Hook->do_action(Array)
#237 D:\wamp\www\Drizzle\wordpress\wp-content\themes\astra\inc\core\theme-hooks.php(452): do_action('astra_entry_con...')
#238 D:\wamp\www\Drizzle\wordpress\wp-content\themes\astra\template-parts\content-page.php(26): astra_entry_content_single_page()
#239 D:\wamp\www\Drizzle\wordpress\wp-includes\template.php(785): require('D:\\wamp\\www\\Dri...')
#240 D:\wamp\www\Drizzle\wordpress\wp-includes\template.php(718): load_template('D:\\wamp\\www\\Dri...', false, Array)
#241 D:\wamp\www\Drizzle\wordpress\wp-includes\general-template.php(204): locate_template(Array, true, false, Array)
#242 D:\wamp\www\Drizzle\wordpress\wp-content\themes\astra\inc\class-astra-loop.php(109): get_template_part('template-parts/...', 'page')
#243 D:\wamp\www\Drizzle\wordpress\wp-includes\class-wp-hook.php(308): Astra_Loop->template_parts_page('')
#244 D:\wamp\www\Drizzle\wordpress\wp-includes\class-wp-hook.php(332): WP_Hook->apply_filters('', Array)
#245 D:\wamp\www\Drizzle\wordpress\wp-includes\plugin.php(517): WP_Hook->do_action(Array)
#246 D:\wamp\www\Drizzle\wordpress\wp-content\themes\astra\inc\class-astra-loop.php(197): do_action('astra_page_temp...')
#247 D:\wamp\www\Drizzle\wordpress\wp-content\themes\astra\inc\class-astra-loop.php(174): Astra_Loop->loop_markup(true)
#248 D:\wamp\www\Drizzle\wordpress\wp-includes\class-wp-hook.php(308): Astra_Loop->loop_markup_page('')
#249 D:\wamp\www\Drizzle\wordpress\wp-includes\class-wp-hook.php(332): WP_Hook->apply_filters('', Array)
#250 D:\wamp\www\Drizzle\wordpress\wp-includes\plugin.php(517): WP_Hook->do_action(Array)
#251 D:\wamp\www\Drizzle\wordpress\wp-content\themes\astra\inc\core\theme-hooks.php(267): do_action('astra_content_p...')
#252 D:\wamp\www\Drizzle\wordpress\wp-content\themes\astra\page.php(32): astra_content_page_loop()
#253 D:\wamp\www\Drizzle\wordpress\wp-includes\template-loader.php(106): include('D:\\wamp\\www\\Dri...')
#254 D:\wamp\www\Drizzle\wordpress\wp-blog-header.php(19): require_once('D:\\wamp\\www\\Dri...')
#255 D:\wamp\www\Drizzle\wordpress\index.php(17): require('D:\\wamp\\www\\Dri...')
#256 {main}
  thrown in D:\wamp\www\Drizzle\wordpress\wp-includes\class-wp-hook.php on line 292

2023-05-02T05:28:36+00:00 CRITICAL Uncaught Error: Xdebug has detected a possible infinite loop, and aborted your script with a stack depth of '256' frames in D:\wamp\www\Drizzle\wordpress\wp-includes\class-wp-hook.php:292
Stack trace:
#0 D:\wamp\www\Drizzle\wordpress\wp-includes\class-wp-hook.php(292): array_keys(Array)
#1 D:\wamp\www\Drizzle\wordpress\wp-includes\plugin.php(205): WP_Hook->apply_filters('', Array)
#2 D:\wamp\www\Drizzle\wordpress\wp-includes\kses.php(944): apply_filters('pre_kses', '', Array, Array)
#3 D:\wamp\www\Drizzle\wordpress\wp-includes\kses.php(754): wp_kses_hook('', Array, Array)
#4 D:\wamp\www\Drizzle\wordpress\wp-content\plugins\woocommerce\includes\wc-notice-functions.php(268): wp_kses('', Array)
#5 D:\wamp\www\Drizzle\wordpress\wp-content\plugins\woocommerce\includes\wc-notice-functions.php(166): wc_kses_notice('')
#6 D:\wamp\www\Drizzle\wordpress\wp-content\plugins\woocommerce\includes\wc-template-functions.php(3831): wc_print_notices()
#7 D:\wamp\www\Drizzle\wordpress\wp-includes\class-wp-hook.php(308): woocommerce_output_all_notices('')
#8 D:\wamp\www\Drizzle\wordpress\wp-includes\plugin.php(205): WP_Hook->apply_filters('', Array)
#9 D:\wamp\www\Drizzle\wordpress\wp-content\plugins\hyvikk_plugin\hyvikk_plugin.php(149): apply_filters('woocommerce_acc...', '')
#10 D:\wamp\www\Drizzle\wordpress\wp-includes\class-wp-hook.php(308): remove_account_paragraph('')
#11 D:\wamp\www\Drizzle\wordpress\wp-includes\class-wp-hook.php(332): WP_Hook->apply_filters('', Array)
#12 D:\wamp\www\Drizzle\wordpress\wp-includes\plugin.php(517): WP_Hook->do_action(Array)
#13 D:\wamp\www\Drizzle\wordpress\wp-content\plugins\woocommerce\templates\myaccount\dashboard.php(65): do_action('woocommerce_acc...')
#14 D:\wamp\www\Drizzle\wordpress\wp-content\plugins\woocommerce\includes\wc-core-functions.php(345): include('D:\\wamp\\www\\Dri...')
#15 D:\wamp\www\Drizzle\wordpress\wp-content\plugins\woocommerce\includes\wc-template-functions.php(3197): wc_get_template('myaccount/dashb...', Array)
#16 D:\wamp\www\Drizzle\wordpress\wp-includes\class-wp-hook.php(308): woocommerce_account_content('')
#17 D:\wamp\www\Drizzle\wordpress\wp-includes\plugin.php(205): WP_Hook->apply_filters(NULL, Array)
#18 D:\wamp\www\Drizzle\wordpress\wp-content\plugins\hyvikk_plugin\hyvikk_plugin.php(149): apply_filters('woocommerce_acc...', '')
#19 D:\wamp\www\Drizzle\wordpress\wp-includes\class-wp-hook.php(308): remove_account_paragraph('')
#20 D:\wamp\www\Drizzle\wordpress\wp-includes\class-wp-hook.php(332): WP_Hook->apply_filters('', Array)
#21 D:\wamp\www\Drizzle\wordpress\wp-includes\plugin.php(517): WP_Hook->do_action(Array)
#22 D:\wamp\www\Drizzle\wordpress\wp-content\plugins\woocommerce\templates\myaccount\dashboard.php(65): do_action('woocommerce_acc...')
#23 D:\wamp\www\Drizzle\wordpress\wp-content\plugins\woocommerce\includes\wc-core-functions.php(345): include('D:\\wamp\\www\\Dri...')
#24 D:\wamp\www\Drizzle\wordpress\wp-content\plugins\woocommerce\includes\wc-template-functions.php(3197): wc_get_template('myaccount/dashb...', Array)
#25 D:\wamp\www\Drizzle\wordpress\wp-includes\class-wp-hook.php(308): woocommerce_account_content('')
#26 D:\wamp\www\Drizzle\wordpress\wp-includes\plugin.php(205): WP_Hook->apply_filters(NULL, Array)
#27 D:\wamp\www\Drizzle\wordpress\wp-content\plugins\hyvikk_plugin\hyvikk_plugin.php(149): apply_filters('woocommerce_acc...', '')
#28 D:\wamp\www\Drizzle\wordpress\wp-includes\class-wp-hook.php(308): remove_account_paragraph('')
#29 D:\wamp\www\Drizzle\wordpress\wp-includes\class-wp-hook.php(332): WP_Hook->apply_filters('', Array)
#30 D:\wamp\www\Drizzle\wordpress\wp-includes\plugin.php(517): WP_Hook->do_action(Array)
#31 D:\wamp\www\Drizzle\wordpress\wp-content\plugins\woocommerce\templates\myaccount\dashboard.php(65): do_action('woocommerce_acc...')
#32 D:\wamp\www\Drizzle\wordpress\wp-content\plugins\woocommerce\includes\wc-core-functions.php(345): include('D:\\wamp\\www\\Dri...')
#33 D:\wamp\www\Drizzle\wordpress\wp-content\plugins\woocommerce\includes\wc-template-functions.php(3197): wc_get_template('myaccount/dashb...', Array)
#34 D:\wamp\www\Drizzle\wordpress\wp-includes\class-wp-hook.php(308): woocommerce_account_content('')
#35 D:\wamp\www\Drizzle\wordpress\wp-includes\plugin.php(205): WP_Hook->apply_filters(NULL, Array)
#36 D:\wamp\www\Drizzle\wordpress\wp-content\plugins\hyvikk_plugin\hyvikk_plugin.php(149): apply_filters('woocommerce_acc...', '')
#37 D:\wamp\www\Drizzle\wordpress\wp-includes\class-wp-hook.php(308): remove_account_paragraph('')
#38 D:\wamp\www\Drizzle\wordpress\wp-includes\class-wp-hook.php(332): WP_Hook->apply_filters('', Array)
#39 D:\wamp\www\Drizzle\wordpress\wp-includes\plugin.php(517): WP_Hook->do_action(Array)
#40 D:\wamp\www\Drizzle\wordpress\wp-content\plugins\woocommerce\templates\myaccount\dashboard.php(65): do_action('woocommerce_acc...')
#41 D:\wamp\www\Drizzle\wordpress\wp-content\plugins\woocommerce\includes\wc-core-functions.php(345): include('D:\\wamp\\www\\Dri...')
#42 D:\wamp\www\Drizzle\wordpress\wp-content\plugins\woocommerce\includes\wc-template-functions.php(3197): wc_get_template('myaccount/dashb...', Array)
#43 D:\wamp\www\Drizzle\wordpress\wp-includes\class-wp-hook.php(308): woocommerce_account_content('')
#44 D:\wamp\www\Drizzle\wordpress\wp-includes\plugin.php(205): WP_Hook->apply_filters(NULL, Array)
#45 D:\wamp\www\Drizzle\wordpress\wp-content\plugins\hyvikk_plugin\hyvikk_plugin.php(149): apply_filters('woocommerce_acc...', '')
#46 D:\wamp\www\Drizzle\wordpress\wp-includes\class-wp-hook.php(308): remove_account_paragraph('')
#47 D:\wamp\www\Drizzle\wordpress\wp-includes\class-wp-hook.php(332): WP_Hook->apply_filters('', Array)
#48 D:\wamp\www\Drizzle\wordpress\wp-includes\plugin.php(517): WP_Hook->do_action(Array)
#49 D:\wamp\www\Drizzle\wordpress\wp-content\plugins\woocommerce\templates\myaccount\dashboard.php(65): do_action('woocommerce_acc...')
#50 D:\wamp\www\Drizzle\wordpress\wp-content\plugins\woocommerce\includes\wc-core-functions.php(345): include('D:\\wamp\\www\\Dri...')
#51 D:\wamp\www\Drizzle\wordpress\wp-content\plugins\woocommerce\includes\wc-template-functions.php(3197): wc_get_template('myaccount/dashb...', Array)
#52 D:\wamp\www\Drizzle\wordpress\wp-includes\class-wp-hook.php(308): woocommerce_account_content('')
#53 D:\wamp\www\Drizzle\wordpress\wp-includes\plugin.php(205): WP_Hook->apply_filters(NULL, Array)
#54 D:\wamp\www\Drizzle\wordpress\wp-content\plugins\hyvikk_plugin\hyvikk_plugin.php(149): apply_filters('woocommerce_acc...', '')
#55 D:\wamp\www\Drizzle\wordpress\wp-includes\class-wp-hook.php(308): remove_account_paragraph('')
#56 D:\wamp\www\Drizzle\wordpress\wp-includes\class-wp-hook.php(332): WP_Hook->apply_filters('', Array)
#57 D:\wamp\www\Drizzle\wordpress\wp-includes\plugin.php(517): WP_Hook->do_action(Array)
#58 D:\wamp\www\Drizzle\wordpress\wp-content\plugins\woocommerce\templates\myaccount\dashboard.php(65): do_action('woocommerce_acc...')
#59 D:\wamp\www\Drizzle\wordpress\wp-content\plugins\woocommerce\includes\wc-core-functions.php(345): include('D:\\wamp\\www\\Dri...')
#60 D:\wamp\www\Drizzle\wordpress\wp-content\plugins\woocommerce\includes\wc-template-functions.php(3197): wc_get_template('myaccount/dashb...', Array)
#61 D:\wamp\www\Drizzle\wordpress\wp-includes\class-wp-hook.php(308): woocommerce_account_content('')
#62 D:\wamp\www\Drizzle\wordpress\wp-includes\plugin.php(205): WP_Hook->apply_filters(NULL, Array)
#63 D:\wamp\www\Drizzle\wordpress\wp-content\plugins\hyvikk_plugin\hyvikk_plugin.php(149): apply_filters('woocommerce_acc...', '')
#64 D:\wamp\www\Drizzle\wordpress\wp-includes\class-wp-hook.php(308): remove_account_paragraph('')
#65 D:\wamp\www\Drizzle\wordpress\wp-includes\class-wp-hook.php(332): WP_Hook->apply_filters('', Array)
#66 D:\wamp\www\Drizzle\wordpress\wp-includes\plugin.php(517): WP_Hook->do_action(Array)
#67 D:\wamp\www\Drizzle\wordpress\wp-content\plugins\woocommerce\templates\myaccount\dashboard.php(65): do_action('woocommerce_acc...')
#68 D:\wamp\www\Drizzle\wordpress\wp-content\plugins\woocommerce\includes\wc-core-functions.php(345): include('D:\\wamp\\www\\Dri...')
#69 D:\wamp\www\Drizzle\wordpress\wp-content\plugins\woocommerce\includes\wc-template-functions.php(3197): wc_get_template('myaccount/dashb...', Array)
#70 D:\wamp\www\Drizzle\wordpress\wp-includes\class-wp-hook.php(308): woocommerce_account_content('')
#71 D:\wamp\www\Drizzle\wordpress\wp-includes\plugin.php(205): WP_Hook->apply_filters(NULL, Array)
#72 D:\wamp\www\Drizzle\wordpress\wp-content\plugins\hyvikk_plugin\hyvikk_plugin.php(149): apply_filters('woocommerce_acc...', '')
#73 D:\wamp\www\Drizzle\wordpress\wp-includes\class-wp-hook.php(308): remove_account_paragraph('')
#74 D:\wamp\www\Drizzle\wordpress\wp-includes\class-wp-hook.php(332): WP_Hook->apply_filters('', Array)
#75 D:\wamp\www\Drizzle\wordpress\wp-includes\plugin.php(517): WP_Hook->do_action(Array)
#76 D:\wamp\www\Drizzle\wordpress\wp-content\plugins\woocommerce\templates\myaccount\dashboard.php(65): do_action('woocommerce_acc...')
#77 D:\wamp\www\Drizzle\wordpress\wp-content\plugins\woocommerce\includes\wc-core-functions.php(345): include('D:\\wamp\\www\\Dri...')
#78 D:\wamp\www\Drizzle\wordpress\wp-content\plugins\woocommerce\includes\wc-template-functions.php(3197): wc_get_template('myaccount/dashb...', Array)
#79 D:\wamp\www\Drizzle\wordpress\wp-includes\class-wp-hook.php(308): woocommerce_account_content('')
#80 D:\wamp\www\Drizzle\wordpress\wp-includes\plugin.php(205): WP_Hook->apply_filters(NULL, Array)
#81 D:\wamp\www\Drizzle\wordpress\wp-content\plugins\hyvikk_plugin\hyvikk_plugin.php(149): apply_filters('woocommerce_acc...', '')
#82 D:\wamp\www\Drizzle\wordpress\wp-includes\class-wp-hook.php(308): remove_account_paragraph('')
#83 D:\wamp\www\Drizzle\wordpress\wp-includes\class-wp-hook.php(332): WP_Hook->apply_filters('', Array)
#84 D:\wamp\www\Drizzle\wordpress\wp-includes\plugin.php(517): WP_Hook->do_action(Array)
#85 D:\wamp\www\Drizzle\wordpress\wp-content\plugins\woocommerce\templates\myaccount\dashboard.php(65): do_action('woocommerce_acc...')
#86 D:\wamp\www\Drizzle\wordpress\wp-content\plugins\woocommerce\includes\wc-core-functions.php(345): include('D:\\wamp\\www\\Dri...')
#87 D:\wamp\www\Drizzle\wordpress\wp-content\plugins\woocommerce\includes\wc-template-functions.php(3197): wc_get_template('myaccount/dashb...', Array)
#88 D:\wamp\www\Drizzle\wordpress\wp-includes\class-wp-hook.php(308): woocommerce_account_content('')
#89 D:\wamp\www\Drizzle\wordpress\wp-includes\plugin.php(205): WP_Hook->apply_filters(NULL, Array)
#90 D:\wamp\www\Drizzle\wordpress\wp-content\plugins\hyvikk_plugin\hyvikk_plugin.php(149): apply_filters('woocommerce_acc...', '')
#91 D:\wamp\www\Drizzle\wordpress\wp-includes\class-wp-hook.php(308): remove_account_paragraph('')
#92 D:\wamp\www\Drizzle\wordpress\wp-includes\class-wp-hook.php(332): WP_Hook->apply_filters('', Array)
#93 D:\wamp\www\Drizzle\wordpress\wp-includes\plugin.php(517): WP_Hook->do_action(Array)
#94 D:\wamp\www\Drizzle\wordpress\wp-content\plugins\woocommerce\templates\myaccount\dashboard.php(65): do_action('woocommerce_acc...')
#95 D:\wamp\www\Drizzle\wordpress\wp-content\plugins\woocommerce\includes\wc-core-functions.php(345): include('D:\\wamp\\www\\Dri...')
#96 D:\wamp\www\Drizzle\wordpress\wp-content\plugins\woocommerce\includes\wc-template-functions.php(3197): wc_get_template('myaccount/dashb...', Array)
#97 D:\wamp\www\Drizzle\wordpress\wp-includes\class-wp-hook.php(308): woocommerce_account_content('')
#98 D:\wamp\www\Drizzle\wordpress\wp-includes\plugin.php(205): WP_Hook->apply_filters(NULL, Array)
#99 D:\wamp\www\Drizzle\wordpress\wp-content\plugins\hyvikk_plugin\hyvikk_plugin.php(149): apply_filters('woocommerce_acc...', '')
#100 D:\wamp\www\Drizzle\wordpress\wp-includes\class-wp-hook.php(308): remove_account_paragraph('')
#101 D:\wamp\www\Drizzle\wordpress\wp-includes\class-wp-hook.php(332): WP_Hook->apply_filters('', Array)
#102 D:\wamp\www\Drizzle\wordpress\wp-includes\plugin.php(517): WP_Hook->do_action(Array)
#103 D:\wamp\www\Drizzle\wordpress\wp-content\plugins\woocommerce\templates\myaccount\dashboard.php(65): do_action('woocommerce_acc...')
#104 D:\wamp\www\Drizzle\wordpress\wp-content\plugins\woocommerce\includes\wc-core-functions.php(345): include('D:\\wamp\\www\\Dri...')
#105 D:\wamp\www\Drizzle\wordpress\wp-content\plugins\woocommerce\includes\wc-template-functions.php(3197): wc_get_template('myaccount/dashb...', Array)
#106 D:\wamp\www\Drizzle\wordpress\wp-includes\class-wp-hook.php(308): woocommerce_account_content('')
#107 D:\wamp\www\Drizzle\wordpress\wp-includes\plugin.php(205): WP_Hook->apply_filters(NULL, Array)
#108 D:\wamp\www\Drizzle\wordpress\wp-content\plugins\hyvikk_plugin\hyvikk_plugin.php(149): apply_filters('woocommerce_acc...', '')
#109 D:\wamp\www\Drizzle\wordpress\wp-includes\class-wp-hook.php(308): remove_account_paragraph('')
#110 D:\wamp\www\Drizzle\wordpress\wp-includes\class-wp-hook.php(332): WP_Hook->apply_filters('', Array)
#111 D:\wamp\www\Drizzle\wordpress\wp-includes\plugin.php(517): WP_Hook->do_action(Array)
#112 D:\wamp\www\Drizzle\wordpress\wp-content\plugins\woocommerce\templates\myaccount\dashboard.php(65): do_action('woocommerce_acc...')
#113 D:\wamp\www\Drizzle\wordpress\wp-content\plugins\woocommerce\includes\wc-core-functions.php(345): include('D:\\wamp\\www\\Dri...')
#114 D:\wamp\www\Drizzle\wordpress\wp-content\plugins\woocommerce\includes\wc-template-functions.php(3197): wc_get_template('myaccount/dashb...', Array)
#115 D:\wamp\www\Drizzle\wordpress\wp-includes\class-wp-hook.php(308): woocommerce_account_content('')
#116 D:\wamp\www\Drizzle\wordpress\wp-includes\plugin.php(205): WP_Hook->apply_filters(NULL, Array)
#117 D:\wamp\www\Drizzle\wordpress\wp-content\plugins\hyvikk_plugin\hyvikk_plugin.php(149): apply_filters('woocommerce_acc...', '')
#118 D:\wamp\www\Drizzle\wordpress\wp-includes\class-wp-hook.php(308): remove_account_paragraph('')
#119 D:\wamp\www\Drizzle\wordpress\wp-includes\class-wp-hook.php(332): WP_Hook->apply_filters('', Array)
#120 D:\wamp\www\Drizzle\wordpress\wp-includes\plugin.php(517): WP_Hook->do_action(Array)
#121 D:\wamp\www\Drizzle\wordpress\wp-content\plugins\woocommerce\templates\myaccount\dashboard.php(65): do_action('woocommerce_acc...')
#122 D:\wamp\www\Drizzle\wordpress\wp-content\plugins\woocommerce\includes\wc-core-functions.php(345): include('D:\\wamp\\www\\Dri...')
#123 D:\wamp\www\Drizzle\wordpress\wp-content\plugins\woocommerce\includes\wc-template-functions.php(3197): wc_get_template('myaccount/dashb...', Array)
#124 D:\wamp\www\Drizzle\wordpress\wp-includes\class-wp-hook.php(308): woocommerce_account_content('')
#125 D:\wamp\www\Drizzle\wordpress\wp-includes\plugin.php(205): WP_Hook->apply_filters(NULL, Array)
#126 D:\wamp\www\Drizzle\wordpress\wp-content\plugins\hyvikk_plugin\hyvikk_plugin.php(149): apply_filters('woocommerce_acc...', '')
#127 D:\wamp\www\Drizzle\wordpress\wp-includes\class-wp-hook.php(308): remove_account_paragraph('')
#128 D:\wamp\www\Drizzle\wordpress\wp-includes\class-wp-hook.php(332): WP_Hook->apply_filters('', Array)
#129 D:\wamp\www\Drizzle\wordpress\wp-includes\plugin.php(517): WP_Hook->do_action(Array)
#130 D:\wamp\www\Drizzle\wordpress\wp-content\plugins\woocommerce\templates\myaccount\dashboard.php(65): do_action('woocommerce_acc...')
#131 D:\wamp\www\Drizzle\wordpress\wp-content\plugins\woocommerce\includes\wc-core-functions.php(345): include('D:\\wamp\\www\\Dri...')
#132 D:\wamp\www\Drizzle\wordpress\wp-content\plugins\woocommerce\includes\wc-template-functions.php(3197): wc_get_template('myaccount/dashb...', Array)
#133 D:\wamp\www\Drizzle\wordpress\wp-includes\class-wp-hook.php(308): woocommerce_account_content('')
#134 D:\wamp\www\Drizzle\wordpress\wp-includes\plugin.php(205): WP_Hook->apply_filters(NULL, Array)
#135 D:\wamp\www\Drizzle\wordpress\wp-content\plugins\hyvikk_plugin\hyvikk_plugin.php(149): apply_filters('woocommerce_acc...', '')
#136 D:\wamp\www\Drizzle\wordpress\wp-includes\class-wp-hook.php(308): remove_account_paragraph('')
#137 D:\wamp\www\Drizzle\wordpress\wp-includes\class-wp-hook.php(332): WP_Hook->apply_filters('', Array)
#138 D:\wamp\www\Drizzle\wordpress\wp-includes\plugin.php(517): WP_Hook->do_action(Array)
#139 D:\wamp\www\Drizzle\wordpress\wp-content\plugins\woocommerce\templates\myaccount\dashboard.php(65): do_action('woocommerce_acc...')
#140 D:\wamp\www\Drizzle\wordpress\wp-content\plugins\woocommerce\includes\wc-core-functions.php(345): include('D:\\wamp\\www\\Dri...')
#141 D:\wamp\www\Drizzle\wordpress\wp-content\plugins\woocommerce\includes\wc-template-functions.php(3197): wc_get_template('myaccount/dashb...', Array)
#142 D:\wamp\www\Drizzle\wordpress\wp-includes\class-wp-hook.php(308): woocommerce_account_content('')
#143 D:\wamp\www\Drizzle\wordpress\wp-includes\plugin.php(205): WP_Hook->apply_filters(NULL, Array)
#144 D:\wamp\www\Drizzle\wordpress\wp-content\plugins\hyvikk_plugin\hyvikk_plugin.php(149): apply_filters('woocommerce_acc...', '')
#145 D:\wamp\www\Drizzle\wordpress\wp-includes\class-wp-hook.php(308): remove_account_paragraph('')
#146 D:\wamp\www\Drizzle\wordpress\wp-includes\class-wp-hook.php(332): WP_Hook->apply_filters('', Array)
#147 D:\wamp\www\Drizzle\wordpress\wp-includes\plugin.php(517): WP_Hook->do_action(Array)
#148 D:\wamp\www\Drizzle\wordpress\wp-content\plugins\woocommerce\templates\myaccount\dashboard.php(65): do_action('woocommerce_acc...')
#149 D:\wamp\www\Drizzle\wordpress\wp-content\plugins\woocommerce\includes\wc-core-functions.php(345): include('D:\\wamp\\www\\Dri...')
#150 D:\wamp\www\Drizzle\wordpress\wp-content\plugins\woocommerce\includes\wc-template-functions.php(3197): wc_get_template('myaccount/dashb...', Array)
#151 D:\wamp\www\Drizzle\wordpress\wp-includes\class-wp-hook.php(308): woocommerce_account_content('')
#152 D:\wamp\www\Drizzle\wordpress\wp-includes\plugin.php(205): WP_Hook->apply_filters(NULL, Array)
#153 D:\wamp\www\Drizzle\wordpress\wp-content\plugins\hyvikk_plugin\hyvikk_plugin.php(149): apply_filters('woocommerce_acc...', '')
#154 D:\wamp\www\Drizzle\wordpress\wp-includes\class-wp-hook.php(308): remove_account_paragraph('')
#155 D:\wamp\www\Drizzle\wordpress\wp-includes\class-wp-hook.php(332): WP_Hook->apply_filters('', Array)
#156 D:\wamp\www\Drizzle\wordpress\wp-includes\plugin.php(517): WP_Hook->do_action(Array)
#157 D:\wamp\www\Drizzle\wordpress\wp-content\plugins\woocommerce\templates\myaccount\dashboard.php(65): do_action('woocommerce_acc...')
#158 D:\wamp\www\Drizzle\wordpress\wp-content\plugins\woocommerce\includes\wc-core-functions.php(345): include('D:\\wamp\\www\\Dri...')
#159 D:\wamp\www\Drizzle\wordpress\wp-content\plugins\woocommerce\includes\wc-template-functions.php(3197): wc_get_template('myaccount/dashb...', Array)
#160 D:\wamp\www\Drizzle\wordpress\wp-includes\class-wp-hook.php(308): woocommerce_account_content('')
#161 D:\wamp\www\Drizzle\wordpress\wp-includes\plugin.php(205): WP_Hook->apply_filters(NULL, Array)
#162 D:\wamp\www\Drizzle\wordpress\wp-content\plugins\hyvikk_plugin\hyvikk_plugin.php(149): apply_filters('woocommerce_acc...', '')
#163 D:\wamp\www\Drizzle\wordpress\wp-includes\class-wp-hook.php(308): remove_account_paragraph('')
#164 D:\wamp\www\Drizzle\wordpress\wp-includes\class-wp-hook.php(332): WP_Hook->apply_filters('', Array)
#165 D:\wamp\www\Drizzle\wordpress\wp-includes\plugin.php(517): WP_Hook->do_action(Array)
#166 D:\wamp\www\Drizzle\wordpress\wp-content\plugins\woocommerce\templates\myaccount\dashboard.php(65): do_action('woocommerce_acc...')
#167 D:\wamp\www\Drizzle\wordpress\wp-content\plugins\woocommerce\includes\wc-core-functions.php(345): include('D:\\wamp\\www\\Dri...')
#168 D:\wamp\www\Drizzle\wordpress\wp-content\plugins\woocommerce\includes\wc-template-functions.php(3197): wc_get_template('myaccount/dashb...', Array)
#169 D:\wamp\www\Drizzle\wordpress\wp-includes\class-wp-hook.php(308): woocommerce_account_content('')
#170 D:\wamp\www\Drizzle\wordpress\wp-includes\plugin.php(205): WP_Hook->apply_filters(NULL, Array)
#171 D:\wamp\www\Drizzle\wordpress\wp-content\plugins\hyvikk_plugin\hyvikk_plugin.php(149): apply_filters('woocommerce_acc...', '')
#172 D:\wamp\www\Drizzle\wordpress\wp-includes\class-wp-hook.php(308): remove_account_paragraph('')
#173 D:\wamp\www\Drizzle\wordpress\wp-includes\class-wp-hook.php(332): WP_Hook->apply_filters('', Array)
#174 D:\wamp\www\Drizzle\wordpress\wp-includes\plugin.php(517): WP_Hook->do_action(Array)
#175 D:\wamp\www\Drizzle\wordpress\wp-content\plugins\woocommerce\templates\myaccount\dashboard.php(65): do_action('woocommerce_acc...')
#176 D:\wamp\www\Drizzle\wordpress\wp-content\plugins\woocommerce\includes\wc-core-functions.php(345): include('D:\\wamp\\www\\Dri...')
#177 D:\wamp\www\Drizzle\wordpress\wp-content\plugins\woocommerce\includes\wc-template-functions.php(3197): wc_get_template('myaccount/dashb...', Array)
#178 D:\wamp\www\Drizzle\wordpress\wp-includes\class-wp-hook.php(308): woocommerce_account_content('')
#179 D:\wamp\www\Drizzle\wordpress\wp-includes\plugin.php(205): WP_Hook->apply_filters(NULL, Array)
#180 D:\wamp\www\Drizzle\wordpress\wp-content\plugins\hyvikk_plugin\hyvikk_plugin.php(149): apply_filters('woocommerce_acc...', '')
#181 D:\wamp\www\Drizzle\wordpress\wp-includes\class-wp-hook.php(308): remove_account_paragraph('')
#182 D:\wamp\www\Drizzle\wordpress\wp-includes\class-wp-hook.php(332): WP_Hook->apply_filters('', Array)
#183 D:\wamp\www\Drizzle\wordpress\wp-includes\plugin.php(517): WP_Hook->do_action(Array)
#184 D:\wamp\www\Drizzle\wordpress\wp-content\plugins\woocommerce\templates\myaccount\dashboard.php(65): do_action('woocommerce_acc...')
#185 D:\wamp\www\Drizzle\wordpress\wp-content\plugins\woocommerce\includes\wc-core-functions.php(345): include('D:\\wamp\\www\\Dri...')
#186 D:\wamp\www\Drizzle\wordpress\wp-content\plugins\woocommerce\includes\wc-template-functions.php(3197): wc_get_template('myaccount/dashb...', Array)
#187 D:\wamp\www\Drizzle\wordpress\wp-includes\class-wp-hook.php(308): woocommerce_account_content('')
#188 D:\wamp\www\Drizzle\wordpress\wp-includes\plugin.php(205): WP_Hook->apply_filters(NULL, Array)
#189 D:\wamp\www\Drizzle\wordpress\wp-content\plugins\hyvikk_plugin\hyvikk_plugin.php(149): apply_filters('woocommerce_acc...', '')
#190 D:\wamp\www\Drizzle\wordpress\wp-includes\class-wp-hook.php(308): remove_account_paragraph('')
#191 D:\wamp\www\Drizzle\wordpress\wp-includes\class-wp-hook.php(332): WP_Hook->apply_filters('', Array)
#192 D:\wamp\www\Drizzle\wordpress\wp-includes\plugin.php(517): WP_Hook->do_action(Array)
#193 D:\wamp\www\Drizzle\wordpress\wp-content\plugins\woocommerce\templates\myaccount\dashboard.php(65): do_action('woocommerce_acc...')
#194 D:\wamp\www\Drizzle\wordpress\wp-content\plugins\woocommerce\includes\wc-core-functions.php(345): include('D:\\wamp\\www\\Dri...')
#195 D:\wamp\www\Drizzle\wordpress\wp-content\plugins\woocommerce\includes\wc-template-functions.php(3197): wc_get_template('myaccount/dashb...', Array)
#196 D:\wamp\www\Drizzle\wordpress\wp-includes\class-wp-hook.php(308): woocommerce_account_content('')
#197 D:\wamp\www\Drizzle\wordpress\wp-includes\plugin.php(205): WP_Hook->apply_filters(NULL, Array)
#198 D:\wamp\www\Drizzle\wordpress\wp-content\plugins\hyvikk_plugin\hyvikk_plugin.php(149): apply_filters('woocommerce_acc...', '')
#199 D:\wamp\www\Drizzle\wordpress\wp-includes\class-wp-hook.php(308): remove_account_paragraph('')
#200 D:\wamp\www\Drizzle\wordpress\wp-includes\class-wp-hook.php(332): WP_Hook->apply_filters('', Array)
#201 D:\wamp\www\Drizzle\wordpress\wp-includes\plugin.php(517): WP_Hook->do_action(Array)
#202 D:\wamp\www\Drizzle\wordpress\wp-content\plugins\woocommerce\templates\myaccount\dashboard.php(65): do_action('woocommerce_acc...')
#203 D:\wamp\www\Drizzle\wordpress\wp-content\plugins\woocommerce\includes\wc-core-functions.php(345): include('D:\\wamp\\www\\Dri...')
#204 D:\wamp\www\Drizzle\wordpress\wp-content\plugins\woocommerce\includes\wc-template-functions.php(3197): wc_get_template('myaccount/dashb...', Array)
#205 D:\wamp\www\Drizzle\wordpress\wp-includes\class-wp-hook.php(308): woocommerce_account_content('')
#206 D:\wamp\www\Drizzle\wordpress\wp-includes\plugin.php(205): WP_Hook->apply_filters(NULL, Array)
#207 D:\wamp\www\Drizzle\wordpress\wp-content\plugins\hyvikk_plugin\hyvikk_plugin.php(149): apply_filters('woocommerce_acc...', '')
#208 D:\wamp\www\Drizzle\wordpress\wp-includes\class-wp-hook.php(308): remove_account_paragraph('')
#209 D:\wamp\www\Drizzle\wordpress\wp-includes\class-wp-hook.php(332): WP_Hook->apply_filters('', Array)
#210 D:\wamp\www\Drizzle\wordpress\wp-includes\plugin.php(517): WP_Hook->do_action(Array)
#211 D:\wamp\www\Drizzle\wordpress\wp-content\plugins\woocommerce\templates\myaccount\dashboard.php(65): do_action('woocommerce_acc...')
#212 D:\wamp\www\Drizzle\wordpress\wp-content\plugins\woocommerce\includes\wc-core-functions.php(345): include('D:\\wamp\\www\\Dri...')
#213 D:\wamp\www\Drizzle\wordpress\wp-content\plugins\woocommerce\includes\wc-template-functions.php(3197): wc_get_template('myaccount/dashb...', Array)
#214 D:\wamp\www\Drizzle\wordpress\wp-includes\class-wp-hook.php(308): woocommerce_account_content('')
#215 D:\wamp\www\Drizzle\wordpress\wp-includes\class-wp-hook.php(332): WP_Hook->apply_filters(NULL, Array)
#216 D:\wamp\www\Drizzle\wordpress\wp-includes\plugin.php(517): WP_Hook->do_action(Array)
#217 D:\wamp\www\Drizzle\wordpress\wp-content\plugins\woocommerce\templates\myaccount\my-account.php(34): do_action('woocommerce_acc...')
#218 D:\wamp\www\Drizzle\wordpress\wp-content\plugins\woocommerce\includes\wc-core-functions.php(345): include('D:\\wamp\\www\\Dri...')
#219 D:\wamp\www\Drizzle\wordpress\wp-content\plugins\woocommerce\includes\shortcodes\class-wc-shortcode-my-account.php(123): wc_get_template('myaccount/my-ac...', Array)
#220 D:\wamp\www\Drizzle\wordpress\wp-content\plugins\woocommerce\includes\shortcodes\class-wc-shortcode-my-account.php(72): WC_Shortcode_My_Account::my_account('')
#221 D:\wamp\www\Drizzle\wordpress\wp-content\plugins\woocommerce\includes\class-wc-shortcodes.php(72): WC_Shortcode_My_Account::output('')
#222 D:\wamp\www\Drizzle\wordpress\wp-content\plugins\woocommerce\includes\class-wc-shortcodes.php(115): WC_Shortcodes::shortcode_wrapper(Array, '')
#223 D:\wamp\www\Drizzle\wordpress\wp-includes\shortcodes.php(355): WC_Shortcodes::my_account('', '', 'woocommerce_my_...')
#224 [internal function]: do_shortcode_tag(Array)
#225 D:\wamp\www\Drizzle\wordpress\wp-includes\shortcodes.php(227): preg_replace_callback('/\\[(\\[?)(woocom...', 'do_shortcode_ta...', '[woocommerce_my...')
#226 D:\wamp\www\Drizzle\wordpress\wp-includes\class-wp-hook.php(308): do_shortcode('[woocommerce_my...')
#227 D:\wamp\www\Drizzle\wordpress\wp-includes\plugin.php(205): WP_Hook->apply_filters('[woocommerce_my...', Array)
#228 D:\wamp\www\Drizzle\wordpress\wp-includes\post-template.php(255): apply_filters('the_content', '<!-- wp:shortco...')
#229 D:\wamp\www\Drizzle\wordpress\wp-content\themes\astra\template-parts\single\content-header.php(33): the_content()
#230 D:\wamp\www\Drizzle\wordpress\wp-includes\template.php(785): require('D:\\wamp\\www\\Dri...')
#231 D:\wamp\www\Drizzle\wordpress\wp-includes\template.php(718): load_template('D:\\wamp\\www\\Dri...', false, Array)
#232 D:\wamp\www\Drizzle\wordpress\wp-includes\general-template.php(204): locate_template(Array, true, false, Array)
#233 D:\wamp\www\Drizzle\wordpress\wp-content\themes\astra\inc\template-parts.php(376): get_template_part('template-parts/...')
#234 D:\wamp\www\Drizzle\wordpress\wp-includes\class-wp-hook.php(308): astra_entry_content_single_page_template('')
#235 D:\wamp\www\Drizzle\wordpress\wp-includes\class-wp-hook.php(332): WP_Hook->apply_filters('', Array)
#236 D:\wamp\www\Drizzle\wordpress\wp-includes\plugin.php(517): WP_Hook->do_action(Array)
#237 D:\wamp\www\Drizzle\wordpress\wp-content\themes\astra\inc\core\theme-hooks.php(452): do_action('astra_entry_con...')
#238 D:\wamp\www\Drizzle\wordpress\wp-content\themes\astra\template-parts\content-page.php(26): astra_entry_content_single_page()
#239 D:\wamp\www\Drizzle\wordpress\wp-includes\template.php(785): require('D:\\wamp\\www\\Dri...')
#240 D:\wamp\www\Drizzle\wordpress\wp-includes\template.php(718): load_template('D:\\wamp\\www\\Dri...', false, Array)
#241 D:\wamp\www\Drizzle\wordpress\wp-includes\general-template.php(204): locate_template(Array, true, false, Array)
#242 D:\wamp\www\Drizzle\wordpress\wp-content\themes\astra\inc\class-astra-loop.php(109): get_template_part('template-parts/...', 'page')
#243 D:\wamp\www\Drizzle\wordpress\wp-includes\class-wp-hook.php(308): Astra_Loop->template_parts_page('')
#244 D:\wamp\www\Drizzle\wordpress\wp-includes\class-wp-hook.php(332): WP_Hook->apply_filters('', Array)
#245 D:\wamp\www\Drizzle\wordpress\wp-includes\plugin.php(517): WP_Hook->do_action(Array)
#246 D:\wamp\www\Drizzle\wordpress\wp-content\themes\astra\inc\class-astra-loop.php(197): do_action('astra_page_temp...')
#247 D:\wamp\www\Drizzle\wordpress\wp-content\themes\astra\inc\class-astra-loop.php(174): Astra_Loop->loop_markup(true)
#248 D:\wamp\www\Drizzle\wordpress\wp-includes\class-wp-hook.php(308): Astra_Loop->loop_markup_page('')
#249 D:\wamp\www\Drizzle\wordpress\wp-includes\class-wp-hook.php(332): WP_Hook->apply_filters('', Array)
#250 D:\wamp\www\Drizzle\wordpress\wp-includes\plugin.php(517): WP_Hook->do_action(Array)
#251 D:\wamp\www\Drizzle\wordpress\wp-content\themes\astra\inc\core\theme-hooks.php(267): do_action('astra_content_p...')
#252 D:\wamp\www\Drizzle\wordpress\wp-content\themes\astra\page.php(32): astra_content_page_loop()
#253 D:\wamp\www\Drizzle\wordpress\wp-includes\template-loader.php(106): include('D:\\wamp\\www\\Dri...')
#254 D:\wamp\www\Drizzle\wordpress\wp-blog-header.php(19): require_once('D:\\wamp\\www\\Dri...')
#255 D:\wamp\www\Drizzle\wordpress\index.php(17): require('D:\\wamp\\www\\Dri...')
#256 {main}
  thrown in D:\wamp\www\Drizzle\wordpress\wp-includes\class-wp-hook.php on line 292

