2023-05-12T04:49:02+00:00 CRITICAL Uncaught TypeError: Unsupported operand types: string * float in D:\wamp\www\Drizzle\wordpress\wp-content\plugins\hyvikk_plugin\includes\royalty_charges.php:34
Stack trace:
#0 D:\wamp\www\Drizzle\wordpress\wp-includes\class-wp-hook.php(308): add_royalty(Object(WC_Cart))
#1 D:\wamp\www\Drizzle\wordpress\wp-includes\class-wp-hook.php(332): WP_Hook->apply_filters(NULL, Array)
#2 D:\wamp\www\Drizzle\wordpress\wp-includes\plugin.php(517): WP_Hook->do_action(Array)
#3 D:\wamp\www\Drizzle\wordpress\wp-content\plugins\woocommerce\includes\class-wc-cart.php(1888): do_action('woocommerce_car...', Object(WC_Cart))
#4 D:\wamp\www\Drizzle\wordpress\wp-content\plugins\woocommerce\includes\class-wc-cart-totals.php(272): WC_Cart->calculate_fees()
#5 D:\wamp\www\Drizzle\wordpress\wp-content\plugins\woocommerce\includes\class-wc-cart-totals.php(833): WC_Cart_Totals->get_fees_from_cart()
#6 D:\wamp\www\Drizzle\wordpress\wp-content\plugins\woocommerce\includes\class-wc-cart-totals.php(145): WC_Cart_Totals->calculate_fee_totals()
#7 D:\wamp\www\Drizzle\wordpress\wp-content\plugins\woocommerce\includes\class-wc-cart-totals.php(134): WC_Cart_Totals->calculate()
#8 D:\wamp\www\Drizzle\wordpress\wp-content\plugins\woocommerce\includes\class-wc-cart.php(1401): WC_Cart_Totals->__construct(Object(WC_Cart))
#9 D:\wamp\www\Drizzle\wordpress\wp-content\plugins\woocommerce\includes\class-wc-cart-session.php(212): WC_Cart->calculate_totals()
#10 D:\wamp\www\Drizzle\wordpress\wp-includes\class-wp-hook.php(308): WC_Cart_Session->get_cart_from_session('')
#11 D:\wamp\www\Drizzle\wordpress\wp-includes\class-wp-hook.php(332): WP_Hook->apply_filters(NULL, Array)
#12 D:\wamp\www\Drizzle\wordpress\wp-includes\plugin.php(517): WP_Hook->do_action(Array)
#13 D:\wamp\www\Drizzle\wordpress\wp-settings.php(645): do_action('wp_loaded')
#14 D:\wamp\www\Drizzle\wordpress\wp-config.php(96): require_once('D:\\wamp\\www\\Dri...')
#15 D:\wamp\www\Drizzle\wordpress\wp-load.php(50): require_once('D:\\wamp\\www\\Dri...')
#16 D:\wamp\www\Drizzle\wordpress\wp-blog-header.php(13): require_once('D:\\wamp\\www\\Dri...')
#17 D:\wamp\www\Drizzle\wordpress\index.php(17): require('D:\\wamp\\www\\Dri...')
#18 {main}
  thrown in D:\wamp\www\Drizzle\wordpress\wp-content\plugins\hyvikk_plugin\includes\royalty_charges.php on line 34

2023-05-12T04:50:34+00:00 CRITICAL Uncaught TypeError: Unsupported operand types: string * float in D:\wamp\www\Drizzle\wordpress\wp-content\plugins\hyvikk_plugin\includes\royalty_charges.php:34
Stack trace:
#0 D:\wamp\www\Drizzle\wordpress\wp-includes\class-wp-hook.php(308): add_royalty(Object(WC_Cart))
#1 D:\wamp\www\Drizzle\wordpress\wp-includes\class-wp-hook.php(332): WP_Hook->apply_filters(NULL, Array)
#2 D:\wamp\www\Drizzle\wordpress\wp-includes\plugin.php(517): WP_Hook->do_action(Array)
#3 D:\wamp\www\Drizzle\wordpress\wp-content\plugins\woocommerce\includes\class-wc-cart.php(1888): do_action('woocommerce_car...', Object(WC_Cart))
#4 D:\wamp\www\Drizzle\wordpress\wp-content\plugins\woocommerce\includes\class-wc-cart-totals.php(272): WC_Cart->calculate_fees()
#5 D:\wamp\www\Drizzle\wordpress\wp-content\plugins\woocommerce\includes\class-wc-cart-totals.php(833): WC_Cart_Totals->get_fees_from_cart()
#6 D:\wamp\www\Drizzle\wordpress\wp-content\plugins\woocommerce\includes\class-wc-cart-totals.php(145): WC_Cart_Totals->calculate_fee_totals()
#7 D:\wamp\www\Drizzle\wordpress\wp-content\plugins\woocommerce\includes\class-wc-cart-totals.php(134): WC_Cart_Totals->calculate()
#8 D:\wamp\www\Drizzle\wordpress\wp-content\plugins\woocommerce\includes\class-wc-cart.php(1401): WC_Cart_Totals->__construct(Object(WC_Cart))
#9 D:\wamp\www\Drizzle\wordpress\wp-content\plugins\woocommerce\includes\class-wc-cart-session.php(212): WC_Cart->calculate_totals()
#10 D:\wamp\www\Drizzle\wordpress\wp-includes\class-wp-hook.php(308): WC_Cart_Session->get_cart_from_session('')
#11 D:\wamp\www\Drizzle\wordpress\wp-includes\class-wp-hook.php(332): WP_Hook->apply_filters(NULL, Array)
#12 D:\wamp\www\Drizzle\wordpress\wp-includes\plugin.php(517): WP_Hook->do_action(Array)
#13 D:\wamp\www\Drizzle\wordpress\wp-settings.php(645): do_action('wp_loaded')
#14 D:\wamp\www\Drizzle\wordpress\wp-config.php(96): require_once('D:\\wamp\\www\\Dri...')
#15 D:\wamp\www\Drizzle\wordpress\wp-load.php(50): require_once('D:\\wamp\\www\\Dri...')
#16 D:\wamp\www\Drizzle\wordpress\wp-blog-header.php(13): require_once('D:\\wamp\\www\\Dri...')
#17 D:\wamp\www\Drizzle\wordpress\index.php(17): require('D:\\wamp\\www\\Dri...')
#18 {main}
  thrown in D:\wamp\www\Drizzle\wordpress\wp-content\plugins\hyvikk_plugin\includes\royalty_charges.php on line 34

2023-05-12T05:02:09+00:00 CRITICAL Uncaught TypeError: Unsupported operand types: string * string in D:\wamp\www\Drizzle\wordpress\wp-content\plugins\hyvikk_plugin\includes\royalty_charges.php:34
Stack trace:
#0 D:\wamp\www\Drizzle\wordpress\wp-includes\class-wp-hook.php(308): add_royalty(Object(WC_Cart))
#1 D:\wamp\www\Drizzle\wordpress\wp-includes\class-wp-hook.php(332): WP_Hook->apply_filters(NULL, Array)
#2 D:\wamp\www\Drizzle\wordpress\wp-includes\plugin.php(517): WP_Hook->do_action(Array)
#3 D:\wamp\www\Drizzle\wordpress\wp-content\plugins\woocommerce\includes\class-wc-cart.php(1888): do_action('woocommerce_car...', Object(WC_Cart))
#4 D:\wamp\www\Drizzle\wordpress\wp-content\plugins\woocommerce\includes\class-wc-cart-totals.php(272): WC_Cart->calculate_fees()
#5 D:\wamp\www\Drizzle\wordpress\wp-content\plugins\woocommerce\includes\class-wc-cart-totals.php(833): WC_Cart_Totals->get_fees_from_cart()
#6 D:\wamp\www\Drizzle\wordpress\wp-content\plugins\woocommerce\includes\class-wc-cart-totals.php(145): WC_Cart_Totals->calculate_fee_totals()
#7 D:\wamp\www\Drizzle\wordpress\wp-content\plugins\woocommerce\includes\class-wc-cart-totals.php(134): WC_Cart_Totals->calculate()
#8 D:\wamp\www\Drizzle\wordpress\wp-content\plugins\woocommerce\includes\class-wc-cart.php(1401): WC_Cart_Totals->__construct(Object(WC_Cart))
#9 D:\wamp\www\Drizzle\wordpress\wp-content\plugins\woocommerce\includes\class-wc-cart-session.php(212): WC_Cart->calculate_totals()
#10 D:\wamp\www\Drizzle\wordpress\wp-includes\class-wp-hook.php(308): WC_Cart_Session->get_cart_from_session('')
#11 D:\wamp\www\Drizzle\wordpress\wp-includes\class-wp-hook.php(332): WP_Hook->apply_filters(NULL, Array)
#12 D:\wamp\www\Drizzle\wordpress\wp-includes\plugin.php(517): WP_Hook->do_action(Array)
#13 D:\wamp\www\Drizzle\wordpress\wp-settings.php(645): do_action('wp_loaded')
#14 D:\wamp\www\Drizzle\wordpress\wp-config.php(96): require_once('D:\\wamp\\www\\Dri...')
#15 D:\wamp\www\Drizzle\wordpress\wp-load.php(50): require_once('D:\\wamp\\www\\Dri...')
#16 D:\wamp\www\Drizzle\wordpress\wp-blog-header.php(13): require_once('D:\\wamp\\www\\Dri...')
#17 D:\wamp\www\Drizzle\wordpress\index.php(17): require('D:\\wamp\\www\\Dri...')
#18 {main}
  thrown in D:\wamp\www\Drizzle\wordpress\wp-content\plugins\hyvikk_plugin\includes\royalty_charges.php on line 34

